2025-10-09 15:41:58,050 - Missing '총톤수' or 'LOA' for some ships, replacing with mean value:
2025-10-09 15:41:58,050 - - 선사: YML, 선명: YM MATURITY
2025-10-09 15:41:58,050 - - 선사: ONE, 선명: PHOEBE
2025-10-11 15:03:28,958 - Missing '총톤수' or 'LOA' for some ships, replacing with mean value:
2025-10-11 15:03:28,959 - - 선사: YML, 선명: YM MOBILITY
2025-10-11 15:03:28,959 - - 선사: RCL, 선명: VIRA BHUM
2025-10-11 15:03:28,959 - - 선사: EMC, 선명: EVER STRONG
2025-10-11 15:03:28,959 - - 선사: ONE, 선명: TS NINGBO
2025-10-11 15:09:07,135 - Missing '총톤수' or 'LOA' for some ships, replacing with mean value:
2025-10-11 15:09:07,136 - - 선사: YML, 선명: YM MOBILITY
2025-10-11 15:09:07,136 - - 선사: RCL, 선명: VIRA BHUM
2025-10-11 15:09:07,136 - - 선사: EMC, 선명: EVER STRONG
2025-10-11 15:09:07,136 - - 선사: ONE, 선명: TS NINGBO
2025-10-11 15:10:37,039 - Missing '총톤수' or 'LOA' for some ships, replacing with mean value:
2025-10-11 15:10:37,040 - - 선사: YML, 선명: YM MOBILITY
2025-10-11 15:10:37,040 - - 선사: RCL, 선명: VIRA BHUM
2025-10-11 15:10:37,040 - - 선사: EMC, 선명: EVER STRONG
2025-10-11 15:10:37,040 - - 선사: ONE, 선명: TS NINGBO
2025-10-11 15:21:57,741 - Missing '총톤수' or 'LOA' for some ships, replacing with mean value:
2025-10-11 15:21:57,741 - - 선사: YML, 선명: YM MOBILITY
2025-10-11 15:21:57,741 - - 선사: RCL, 선명: VIRA BHUM
2025-10-11 15:21:57,741 - - 선사: EMC, 선명: EVER STRONG
2025-10-11 15:21:57,742 - - 선사: ONE, 선명: TS NINGBO
2025-10-11 15:30:36,672 - Missing '총톤수' or 'LOA' for some ships, replacing with mean value:
2025-10-11 15:30:36,673 - - 선사: YML, 선명: YM MOBILITY
2025-10-11 15:30:36,673 - - 선사: RCL, 선명: VIRA BHUM
2025-10-11 15:30:36,673 - - 선사: EMC, 선명: EVER STRONG
2025-10-11 15:30:36,673 - - 선사: ONE, 선명: TS NINGBO
2025-10-11 15:55:34,119 - Missing '총톤수' or 'LOA' for some ships, replacing with mean value:
2025-10-11 15:55:34,120 - - 선사: YML, 선명: YM MOBILITY
2025-10-11 15:55:34,120 - - 선사: RCL, 선명: VIRA BHUM
2025-10-11 15:55:34,120 - - 선사: EMC, 선명: EVER STRONG
2025-10-11 15:55:34,120 - - 선사: ONE, 선명: TS NINGBO
2025-10-11 15:58:41,164 - Missing '총톤수' or 'LOA' for some ships, replacing with mean value:
2025-10-11 15:58:41,165 - - 선사: YML, 선명: YM MOBILITY
2025-10-11 15:58:41,165 - - 선사: RCL, 선명: VIRA BHUM
2025-10-11 15:58:41,165 - - 선사: EMC, 선명: EVER STRONG
2025-10-11 15:58:41,165 - - 선사: ONE, 선명: TS NINGBO
2025-10-11 15:59:26,023 - Missing '총톤수' or 'LOA' for some ships, replacing with mean value:
2025-10-11 15:59:26,024 - - 선사: YML, 선명: YM MOBILITY
2025-10-11 15:59:26,024 - - 선사: RCL, 선명: VIRA BHUM
2025-10-11 15:59:26,024 - - 선사: EMC, 선명: EVER STRONG
2025-10-11 15:59:26,024 - - 선사: ONE, 선명: TS NINGBO
2025-10-11 16:00:58,422 - Missing '총톤수' or 'LOA' for some ships, replacing with mean value:
2025-10-11 16:00:58,422 - - 선사: YML, 선명: YM MOBILITY
2025-10-11 16:00:58,422 - - 선사: RCL, 선명: VIRA BHUM
2025-10-11 16:00:58,422 - - 선사: EMC, 선명: EVER STRONG
2025-10-11 16:00:58,422 - - 선사: ONE, 선명: TS NINGBO
2025-10-11 16:04:07,107 - Missing '총톤수' or 'LOA' for some ships, replacing with mean value:
2025-10-11 16:04:07,107 - - 선사: YML, 선명: YM MOBILITY
2025-10-11 16:04:07,107 - - 선사: RCL, 선명: VIRA BHUM
2025-10-11 16:04:07,107 - - 선사: EMC, 선명: EVER STRONG
2025-10-11 16:04:07,107 - - 선사: ONE, 선명: TS NINGBO
2025-10-11 16:04:08,285 - Missing '총톤수' or 'LOA' for some ships, replacing with mean value:
2025-10-11 16:04:08,285 - - 선사: YML, 선명: YM MOBILITY
2025-10-11 16:04:08,285 - - 선사: RCL, 선명: VIRA BHUM
2025-10-11 16:04:08,285 - - 선사: EMC, 선명: EVER STRONG
2025-10-11 16:04:08,285 - - 선사: ONE, 선명: TS NINGBO
2025-10-11 16:04:20,721 - Missing '총톤수' or 'LOA' for some ships, replacing with mean value:
2025-10-11 16:04:20,721 - - 선사: YML, 선명: YM MOBILITY
2025-10-11 16:04:20,721 - - 선사: RCL, 선명: VIRA BHUM
2025-10-11 16:04:20,721 - - 선사: EMC, 선명: EVER STRONG
2025-10-11 16:04:20,721 - - 선사: ONE, 선명: TS NINGBO
2025-10-11 16:04:49,871 - Missing '총톤수' or 'LOA' for some ships, replacing with mean value:
2025-10-11 16:04:49,871 - - 선사: YML, 선명: YM MOBILITY
2025-10-11 16:04:49,871 - - 선사: RCL, 선명: VIRA BHUM
2025-10-11 16:04:49,871 - - 선사: EMC, 선명: EVER STRONG
2025-10-11 16:04:49,871 - - 선사: ONE, 선명: TS NINGBO
2025-10-11 16:04:52,198 - Missing '총톤수' or 'LOA' for some ships, replacing with mean value:
2025-10-11 16:04:52,198 - - 선사: YML, 선명: YM MOBILITY
2025-10-11 16:04:52,198 - - 선사: RCL, 선명: VIRA BHUM
2025-10-11 16:04:52,198 - - 선사: EMC, 선명: EVER STRONG
2025-10-11 16:04:52,198 - - 선사: ONE, 선명: TS NINGBO
2025-10-11 16:04:53,307 - Missing '총톤수' or 'LOA' for some ships, replacing with mean value:
2025-10-11 16:04:53,307 - - 선사: YML, 선명: YM MOBILITY
2025-10-11 16:04:53,307 - - 선사: RCL, 선명: VIRA BHUM
2025-10-11 16:04:53,307 - - 선사: EMC, 선명: EVER STRONG
2025-10-11 16:04:53,307 - - 선사: ONE, 선명: TS NINGBO
2025-10-11 16:05:09,118 - Missing '총톤수' or 'LOA' for some ships, replacing with mean value:
2025-10-11 16:05:09,118 - - 선사: YML, 선명: YM MOBILITY
2025-10-11 16:05:09,118 - - 선사: RCL, 선명: VIRA BHUM
2025-10-11 16:05:09,118 - - 선사: EMC, 선명: EVER STRONG
2025-10-11 16:05:09,118 - - 선사: ONE, 선명: TS NINGBO
2025-10-11 16:05:21,024 - Missing '총톤수' or 'LOA' for some ships, replacing with mean value:
2025-10-11 16:05:21,024 - - 선사: YML, 선명: YM MOBILITY
2025-10-11 16:05:21,024 - - 선사: RCL, 선명: VIRA BHUM
2025-10-11 16:05:21,024 - - 선사: EMC, 선명: EVER STRONG
2025-10-11 16:05:21,024 - - 선사: ONE, 선명: TS NINGBO
2025-10-11 16:07:20,800 - Missing '총톤수' or 'LOA' for some ships, replacing with mean value:
2025-10-11 16:07:20,800 - - 선사: YML, 선명: YM MOBILITY
2025-10-11 16:07:20,800 - - 선사: RCL, 선명: VIRA BHUM
2025-10-11 16:07:20,800 - - 선사: EMC, 선명: EVER STRONG
2025-10-11 16:07:20,800 - - 선사: ONE, 선명: TS NINGBO
2025-10-11 16:07:35,519 - Missing '총톤수' or 'LOA' for some ships, replacing with mean value:
2025-10-11 16:07:35,519 - - 선사: YML, 선명: YM MOBILITY
2025-10-11 16:07:35,519 - - 선사: RCL, 선명: VIRA BHUM
2025-10-11 16:07:35,519 - - 선사: EMC, 선명: EVER STRONG
2025-10-11 16:07:35,519 - - 선사: ONE, 선명: TS NINGBO
2025-10-11 16:07:43,017 - Missing '총톤수' or 'LOA' for some ships, replacing with mean value:
2025-10-11 16:07:43,017 - - 선사: YML, 선명: YM MOBILITY
2025-10-11 16:07:43,017 - - 선사: RCL, 선명: VIRA BHUM
2025-10-11 16:07:43,017 - - 선사: EMC, 선명: EVER STRONG
2025-10-11 16:07:43,017 - - 선사: ONE, 선명: TS NINGBO
2025-10-11 16:08:19,739 - Missing '총톤수' or 'LOA' for some ships, replacing with mean value:
2025-10-11 16:08:19,739 - - 선사: YML, 선명: YM MOBILITY
2025-10-11 16:08:19,739 - - 선사: RCL, 선명: VIRA BHUM
2025-10-11 16:08:19,739 - - 선사: EMC, 선명: EVER STRONG
2025-10-11 16:08:19,739 - - 선사: ONE, 선명: TS NINGBO
2025-10-11 16:08:35,638 - Missing '총톤수' or 'LOA' for some ships, replacing with mean value:
2025-10-11 16:08:35,638 - - 선사: YML, 선명: YM MOBILITY
2025-10-11 16:08:35,638 - - 선사: RCL, 선명: VIRA BHUM
2025-10-11 16:08:35,638 - - 선사: EMC, 선명: EVER STRONG
2025-10-11 16:08:35,638 - - 선사: ONE, 선명: TS NINGBO
2025-10-11 16:11:57,823 - Missing '총톤수' or 'LOA' for some ships, replacing with mean value:
2025-10-11 16:11:57,823 - - 선사: YML, 선명: YM MOBILITY
2025-10-11 16:11:57,823 - - 선사: RCL, 선명: VIRA BHUM
2025-10-11 16:11:57,823 - - 선사: EMC, 선명: EVER STRONG
2025-10-11 16:11:57,823 - - 선사: ONE, 선명: TS NINGBO
2025-10-11 16:12:52,237 - Missing '총톤수' or 'LOA' for some ships, replacing with mean value:
2025-10-11 16:12:52,237 - - 선사: YML, 선명: YM MOBILITY
2025-10-11 16:12:52,237 - - 선사: RCL, 선명: VIRA BHUM
2025-10-11 16:12:52,237 - - 선사: EMC, 선명: EVER STRONG
2025-10-11 16:12:52,237 - - 선사: ONE, 선명: TS NINGBO
2025-10-11 16:13:02,656 - Missing '총톤수' or 'LOA' for some ships, replacing with mean value:
2025-10-11 16:13:02,657 - - 선사: YML, 선명: YM MOBILITY
2025-10-11 16:13:02,657 - - 선사: RCL, 선명: VIRA BHUM
2025-10-11 16:13:02,657 - - 선사: EMC, 선명: EVER STRONG
2025-10-11 16:13:02,657 - - 선사: ONE, 선명: TS NINGBO
2025-10-11 16:13:07,169 - Missing '총톤수' or 'LOA' for some ships, replacing with mean value:
2025-10-11 16:13:07,169 - - 선사: YML, 선명: YM MOBILITY
2025-10-11 16:13:07,170 - - 선사: RCL, 선명: VIRA BHUM
2025-10-11 16:13:08,673 - Missing '총톤수' or 'LOA' for some ships, replacing with mean value:
2025-10-11 16:13:08,673 - - 선사: YML, 선명: YM MOBILITY
2025-10-11 16:13:08,673 - - 선사: RCL, 선명: VIRA BHUM
2025-10-11 16:14:12,524 - Missing '총톤수' or 'LOA' for some ships, replacing with mean value:
2025-10-11 16:14:12,524 - - 선사: YML, 선명: YM MOBILITY
2025-10-11 16:14:12,524 - - 선사: RCL, 선명: VIRA BHUM
2025-10-11 16:14:12,524 - - 선사: EMC, 선명: EVER STRONG
2025-10-11 16:14:12,524 - - 선사: ONE, 선명: TS NINGBO
2025-10-11 16:14:39,320 - Missing '총톤수' or 'LOA' for some ships, replacing with mean value:
2025-10-11 16:14:39,320 - - 선사: YML, 선명: YM MOBILITY
2025-10-11 16:14:39,320 - - 선사: RCL, 선명: VIRA BHUM
2025-10-11 16:14:39,320 - - 선사: EMC, 선명: EVER STRONG
2025-10-11 16:14:39,320 - - 선사: ONE, 선명: TS NINGBO
2025-10-11 16:14:52,856 - Missing '총톤수' or 'LOA' for some ships, replacing with mean value:
2025-10-11 16:14:52,856 - - 선사: YML, 선명: YM MOBILITY
2025-10-11 16:14:52,856 - - 선사: RCL, 선명: VIRA BHUM
2025-10-11 16:14:52,856 - - 선사: EMC, 선명: EVER STRONG
2025-10-11 16:14:52,856 - - 선사: ONE, 선명: TS NINGBO
2025-10-11 16:17:58,339 - Missing '총톤수' or 'LOA' for some ships, replacing with mean value:
2025-10-11 16:17:58,339 - - 선사: YML, 선명: YM MOBILITY
2025-10-11 16:17:58,339 - - 선사: RCL, 선명: VIRA BHUM
2025-10-11 16:17:58,339 - - 선사: EMC, 선명: EVER STRONG
2025-10-11 16:17:58,339 - - 선사: ONE, 선명: TS NINGBO
2025-10-11 16:18:01,386 - Missing '총톤수' or 'LOA' for some ships, replacing with mean value:
2025-10-11 16:18:01,386 - - 선사: YML, 선명: YM MOBILITY
2025-10-11 16:18:01,386 - - 선사: RCL, 선명: VIRA BHUM
2025-10-11 16:18:01,386 - - 선사: EMC, 선명: EVER STRONG
2025-10-11 16:18:01,386 - - 선사: ONE, 선명: TS NINGBO
2025-10-11 16:19:44,861 - Missing '총톤수' or 'LOA' for some ships, replacing with mean value:
2025-10-11 16:19:44,861 - - 선사: YML, 선명: YM MOBILITY
2025-10-11 16:19:44,861 - - 선사: RCL, 선명: VIRA BHUM
2025-10-11 16:19:44,861 - - 선사: EMC, 선명: EVER STRONG
2025-10-11 16:19:44,861 - - 선사: ONE, 선명: TS NINGBO
2025-10-11 16:19:50,004 - Missing '총톤수' or 'LOA' for some ships, replacing with mean value:
2025-10-11 16:19:50,005 - - 선사: YML, 선명: YM MOBILITY
2025-10-11 16:19:50,005 - - 선사: RCL, 선명: VIRA BHUM
2025-10-11 16:19:50,005 - - 선사: EMC, 선명: EVER STRONG
2025-10-11 16:19:50,005 - - 선사: ONE, 선명: TS NINGBO
2025-10-11 16:19:51,455 - Missing '총톤수' or 'LOA' for some ships, replacing with mean value:
2025-10-11 16:19:51,456 - - 선사: YML, 선명: YM MOBILITY
2025-10-11 16:19:51,456 - - 선사: RCL, 선명: VIRA BHUM
2025-10-11 16:19:51,456 - - 선사: EMC, 선명: EVER STRONG
2025-10-11 16:19:51,456 - - 선사: ONE, 선명: TS NINGBO
2025-10-11 16:19:52,668 - Missing '총톤수' or 'LOA' for some ships, replacing with mean value:
2025-10-11 16:19:52,668 - - 선사: YML, 선명: YM MOBILITY
2025-10-11 16:19:52,668 - - 선사: RCL, 선명: VIRA BHUM
2025-10-11 16:19:52,668 - - 선사: EMC, 선명: EVER STRONG
2025-10-11 16:19:52,668 - - 선사: ONE, 선명: TS NINGBO
2025-10-11 16:19:53,942 - Missing '총톤수' or 'LOA' for some ships, replacing with mean value:
2025-10-11 16:19:53,942 - - 선사: YML, 선명: YM MOBILITY
2025-10-11 16:19:53,942 - - 선사: RCL, 선명: VIRA BHUM
2025-10-11 16:19:53,942 - - 선사: EMC, 선명: EVER STRONG
2025-10-11 16:19:53,942 - - 선사: ONE, 선명: TS NINGBO
