2025-10-30 15:25:06,614 - INFO - Starting daily berth planning workflow for 20251030
2025-10-30 15:25:06,614 - INFO - Step 1: Starting data crawling...
2025-10-30 15:25:07,587 - INFO - Crawled data saved to results_20251030/hpnt_crawled_data_20251030.csv
2025-10-30 15:25:07,587 - INFO - Step 2: Identifying new ships...
2025-10-30 15:25:08,564 - INFO - New ship identification completed. Results saved to results_20251030/missing_ships_20251030.csv
2025-10-30 15:25:08,564 - INFO - Step 3: Predicting work times using LGBM model...
2025-10-30 15:25:08,568 - INFO - 일부 선박의 '총톤수' 또는 'LOA' 정보가 없어 평균값으로 대체:
2025-10-30 15:25:08,568 - INFO - - 선사: ONE, 선명: HYUNDAI PLUTO
2025-10-30 15:25:08,568 - INFO - - 선사: HMM, 선명: HMM IVY
2025-10-30 15:25:08,568 - INFO - - 선사: AAA, 선명: SIMULATION CODE
2025-10-30 15:25:08,568 - INFO - - 선사: FES, 선명: MYD GUANGZHOU
2025-10-30 15:25:08,568 - INFO - - 선사: YML, 선명: YM TRAVEL
2025-10-30 15:25:08,936 - INFO - Work time predictions saved to results_20251030/work_time_predictions_20251030.csv
2025-10-30 15:25:08,946 - INFO - Moved missing_info.log to results_20251030/missing_info_20251030.log
2025-10-30 15:25:08,946 - INFO - Step 4: Generating berth plan using MILP model...
2025-10-30 15:25:08,948 - INFO - Set parameter WLSAccessID
2025-10-30 15:25:08,948 - INFO - Set parameter WLSSecret
2025-10-30 15:25:08,948 - INFO - Set parameter LicenseID to value 2441117
2025-10-30 15:25:08,949 - INFO - Academic license 2441117 - for non-commercial use only - registered to st___@gmail.com
2025-10-30 15:25:08,972 - INFO - Gurobi Optimizer version 12.0.2 build v12.0.2rc0 (linux64 - "Ubuntu 24.04.2 LTS")
2025-10-30 15:25:08,972 - INFO - 
2025-10-30 15:25:08,972 - INFO - CPU model: Intel(R) Core(TM) Ultra 9 285K, instruction set [SSE2|AVX|AVX2]
2025-10-30 15:25:08,972 - INFO - Thread count: 20 physical cores, 20 logical processors, using up to 20 threads
2025-10-30 15:25:08,972 - INFO - 
2025-10-30 15:25:08,972 - INFO - Academic license 2441117 - for non-commercial use only - registered to st___@gmail.com
2025-10-30 15:25:08,972 - INFO - Optimize a model with 3486 rows, 1652 columns and 10696 nonzeros
2025-10-30 15:25:08,973 - INFO - Model fingerprint: 0x4028a58e
2025-10-30 15:25:08,973 - INFO - Variable types: 84 continuous, 1568 integer (1568 binary)
2025-10-30 15:25:08,973 - INFO - Coefficient statistics:
2025-10-30 15:25:08,973 - INFO -   Matrix range     [1e+00, 2e+06]
2025-10-30 15:25:08,973 - INFO -   Objective range  [1e+00, 1e+00]
2025-10-30 15:25:08,973 - INFO -   Bounds range     [1e+00, 1e+03]
2025-10-30 15:25:08,973 - INFO -   RHS range        [1e+00, 2e+06]
2025-10-30 15:25:08,979 - INFO - Presolve removed 1596 rows and 84 columns
2025-10-30 15:25:08,979 - INFO - Presolve time: 0.01s
2025-10-30 15:25:08,979 - INFO - Presolved: 1890 rows, 1568 columns, 6048 nonzeros
2025-10-30 15:25:08,981 - INFO - Variable types: 56 continuous, 1512 integer (1512 binary)
2025-10-30 15:25:08,983 - INFO - Found heuristic solution: objective 2.315411e+07
2025-10-30 15:25:08,987 - INFO - 
2025-10-30 15:25:08,987 - INFO - Root relaxation: objective 0.000000e+00, 723 iterations, 0.00 seconds (0.01 work units)
2025-10-30 15:25:09,002 - INFO - 
2025-10-30 15:25:09,003 - INFO -     Nodes    |    Current Node    |     Objective Bounds      |     Work
2025-10-30 15:25:09,003 - INFO -  Expl Unexpl |  Obj  Depth IntInf | Incumbent    BestBd   Gap | It/Node Time
2025-10-30 15:25:09,003 - INFO - 
2025-10-30 15:25:09,003 - INFO -      0     0    0.00000    0  192 2.3154e+07    0.00000   100%     -    0s
2025-10-30 15:25:09,032 - INFO - H    0     0                    1.826297e+07    0.00000   100%     -    0s
2025-10-30 15:25:09,108 - INFO -      0     0    0.00000    0  337 1.8263e+07    0.00000   100%     -    0s
2025-10-30 15:25:09,124 - INFO - H    0     0                    1.289687e+07    0.00000   100%     -    0s
2025-10-30 15:25:09,125 - INFO -      0     0    0.00000    0  305 1.2897e+07    0.00000   100%     -    0s
2025-10-30 15:25:09,169 - INFO - H    0     0                    8245860.4543    0.00000   100%     -    0s
2025-10-30 15:25:09,188 - INFO -      0     0    0.00000    0  166 8245860.45    0.00000   100%     -    0s
2025-10-30 15:25:09,190 - INFO -      0     0    0.00000    0  172 8245860.45    0.00000   100%     -    0s
2025-10-30 15:25:09,217 - INFO - H    0     0                    6449642.8031    0.00000   100%     -    0s
2025-10-30 15:25:09,223 - INFO -      0     0    0.00000    0  175 6449642.80    0.00000   100%     -    0s
2025-10-30 15:25:09,229 - INFO - H    0     0                    6402484.1672    0.00000   100%     -    0s
2025-10-30 15:25:09,230 - INFO -      0     0    0.00000    0  219 6402484.17    0.00000   100%     -    0s
2025-10-30 15:25:09,276 - INFO - H    0     0                    6379049.9648    0.00000   100%     -    0s
2025-10-30 15:25:09,276 - INFO - H    0     0                    6243224.2543    0.00000   100%     -    0s
2025-10-30 15:25:09,276 - INFO - H    0     0                    6228062.2364    0.00000   100%     -    0s
2025-10-30 15:25:09,276 - INFO - H    0     0                    6220195.9595    0.00000   100%     -    0s
2025-10-30 15:25:09,283 - INFO -      0     0    0.00000    0  198 6220195.96    0.00000   100%     -    0s
2025-10-30 15:25:09,284 - INFO - H    0     0                    6054930.8906    0.00000   100%     -    0s
2025-10-30 15:25:09,300 - INFO -      0     0    0.00000    0  174 6054930.89    0.00000   100%     -    0s
2025-10-30 15:25:09,313 - INFO - H    0     0                    6029107.3823    0.00000   100%     -    0s
2025-10-30 15:25:09,339 - INFO -      0     2    0.00000    0  172 6029107.38    0.00000   100%     -    0s
2025-10-30 15:25:09,402 - INFO - H   41    52                    5851933.6281    0.00000   100%   407    0s
2025-10-30 15:25:09,519 - INFO - H   91   112                    5758889.5173    0.00000   100%   349    0s
2025-10-30 15:25:09,519 - INFO - H   92   112                    5715047.0460    0.00000   100%   347    0s
2025-10-30 15:25:09,519 - INFO - H   95   112                    5669006.8145    0.00000   100%   341    0s
2025-10-30 15:25:09,605 - INFO - H  221   250                    5573465.2474    0.00000   100%   218    0s
2025-10-30 15:25:09,605 - INFO - H  233   250                    5545257.5701    0.00000   100%   214    0s
2025-10-30 15:25:09,606 - INFO - H  243   250                    5449003.0198    0.00000   100%   214    0s
2025-10-30 15:25:09,875 - INFO - H  857   897                    5364862.2857    0.00000   100%   117    0s
2025-10-30 15:25:09,986 - INFO - H 1221  1229                    5302435.2354    0.00000   100%   110    1s
2025-10-30 15:25:10,005 - INFO - H 1257  1279                    5299859.3121    0.00000   100%   109    1s
2025-10-30 15:25:10,005 - INFO - H 1274  1279                    5263338.7209    0.00000   100%   108    1s
2025-10-30 15:25:10,132 - INFO - H 2341  2352                    5235131.0435    0.00000   100%  81.2    1s
2025-10-30 15:25:10,208 - INFO - H 3151  3232                    5179805.9609    0.00000   100%  71.3    1s
2025-10-30 15:25:10,246 - INFO - H 3516  3502                    5177230.0376    0.00000   100%  67.7    1s
2025-10-30 15:25:10,374 - INFO - * 4548  4611             218    5146633.3722    0.00000   100%  58.9    1s
2025-10-30 15:25:10,419 - INFO - H 4840  4708                    5120066.8594    0.00000   100%  57.1    1s
2025-10-30 15:25:10,420 - INFO - H 4842  4593                    4653176.7444    0.00000   100%  57.1    1s
2025-10-30 15:25:10,420 - INFO - H 4844  4554                    4578307.1249    0.00000   100%  57.2    1s
2025-10-30 15:25:10,595 - INFO - H 5524  5138                    4543826.2943    0.00000   100%  57.8    1s
2025-10-30 15:25:10,697 - INFO - H 5916  5310                    4446787.6926    0.00000   100%  59.0    1s
2025-10-30 15:25:10,698 - INFO - H 5918  5233                    4336184.3530    0.00000   100%  58.9    1s
2025-10-30 15:25:10,698 - INFO - H 5920  5231                    4335009.1658    0.00000   100%  59.0    1s
2025-10-30 15:25:10,698 - INFO - H 5927  5197                    4293142.3936    0.00000   100%  59.0    1s
2025-10-30 15:25:10,768 - INFO - H 5940  5275                    4255978.8815    0.00000   100%  59.2    1s
2025-10-30 15:25:11,366 - INFO - H 7035  5781                    4215366.9754    0.00000   100%  60.0    2s
2025-10-30 15:25:11,470 - INFO - H 7036  5493                    4203204.3079    0.00000   100%  60.0    2s
2025-10-30 15:25:11,470 - INFO - H 7036  5218                    4194454.6145    0.00000   100%  60.0    2s
2025-10-30 15:25:11,608 - INFO - H 7038  4958                    4189020.1615    0.00000   100%  60.0    2s
2025-10-30 15:25:11,608 - INFO - H 7038  4710                    4181401.9592    0.00000   100%  60.0    2s
2025-10-30 15:25:11,608 - INFO - H 7038  4474                    4171363.1748    0.00000   100%  60.0    2s
2025-10-30 15:25:11,608 - INFO - H 7038  4250                    4162346.1330    0.00000   100%  60.0    2s
2025-10-30 15:25:11,608 - INFO - H 7038  4038                    4158187.3486    0.00000   100%  60.0    2s
2025-10-30 15:25:11,608 - INFO - H 7038  3836                    4149472.8882    0.00000   100%  60.0    2s
2025-10-30 15:25:11,751 - INFO - H 7078  3685                    4118616.9610    0.00000   100%  62.7    2s
2025-10-30 15:25:11,770 - INFO - H 7191  3578                    4117146.2307    0.00000   100%  62.2    2s
2025-10-30 15:25:11,771 - INFO - H 7193  3405                    4109538.4384    0.00000   100%  62.2    2s
2025-10-30 15:25:11,798 - INFO - H 7325  3382                    4109513.6095    0.00000   100%  61.4    2s
2025-10-30 15:25:11,799 - INFO - H 7326  3224                    4049655.0006    0.00000   100%  61.4    2s
2025-10-30 15:25:11,872 - INFO - H 8369  3779                    3989834.6378    0.00000   100%  57.3    2s
2025-10-30 15:25:11,883 - INFO - H 8444  3633                    3988445.0302    0.00000   100%  57.1    2s
2025-10-30 15:25:11,893 - INFO - H 8560  3589                    3988420.2012    0.00000   100%  56.7    2s
2025-10-30 15:25:11,893 - INFO - H 8589  3452                    3987228.4407    0.00000   100%  56.6    2s
2025-10-30 15:25:11,929 - INFO - H 8831  3489                    3987203.6118    0.00000   100%  55.8    2s
2025-10-30 15:25:12,237 - INFO - H14022  6583                    3978544.1649    0.00000   100%  42.1    3s
2025-10-30 15:25:12,316 - INFO - H15393  7703                    3950852.4353    0.00000   100%  39.6    3s
2025-10-30 15:25:12,316 - INFO - H15395  7693                    3927966.1055    0.00000   100%  39.6    3s
2025-10-30 15:25:12,317 - INFO - H15443  7656                    3894201.2947    0.00000   100%  39.6    3s
2025-10-30 15:25:12,402 - INFO - H17031  8863                    3894176.4658    0.00000   100%  37.7    3s
2025-10-30 15:25:12,403 - INFO - H17041  8855                    3887922.9625    0.00000   100%  37.7    3s
2025-10-30 15:25:12,476 - INFO - H18182  9873                    3862153.8476    0.00000   100%  36.6    3s
2025-10-30 15:25:12,695 - INFO - H23426 13948                    3862129.0187    0.00000   100%  33.0    3s
2025-10-30 15:25:12,696 - INFO - H23427 13939                    3854942.3364    0.00000   100%  33.0    3s
2025-10-30 15:25:12,696 - INFO - H23432 13819                    3800569.5897    0.00000   100%  33.0    3s
2025-10-30 15:25:12,818 - INFO - H26749 16677                    3799785.4556    0.00000   100%  31.4    3s
2025-10-30 15:25:12,819 - INFO - H26755 16610                    3787915.3379    0.00000   100%  31.4    3s
2025-10-30 15:25:12,820 - INFO - H26763 16562                    3772991.8061    0.00000   100%  31.4    3s
2025-10-30 15:25:12,874 - INFO - H27224 17664                    3765780.2950    0.00000   100%  31.2    3s
2025-10-30 15:25:12,876 - INFO - H27892 17583                    3743694.3279    0.00000   100%  30.8    3s
2025-10-30 15:25:12,912 - INFO - H28202 18223                    3740743.8725    0.00000   100%  30.6    3s
2025-10-30 15:25:12,913 - INFO - H28555 18218                    3739268.6448    0.00000   100%  30.6    3s
2025-10-30 15:25:12,983 - INFO - H29963 19406                    3737793.4171    0.00000   100%  30.0    4s
2025-10-30 15:25:12,985 - INFO - H30202 19379                    3732057.1337    0.00000   100%  29.9    4s
2025-10-30 15:25:13,046 - INFO - H31500 20661                    3730581.9060    0.00000   100%  29.4    4s
2025-10-30 15:25:13,047 - INFO - H31549 20657                    3730293.5975    0.00000   100%  29.4    4s
2025-10-30 15:25:13,090 - INFO - H31804 21297                    3729509.4634    0.00000   100%  29.3    4s
2025-10-30 15:25:14,033 - INFO -  46211 33901 622999.505   62  214 3729509.46    0.00000   100%  26.7    5s
2025-10-30 15:25:18,981 - INFO -  67456 49743 3355106.49   74  231 3729509.46    0.00000   100%  26.5   10s
2025-10-30 15:25:19,866 - INFO - H89467 67338                    3716480.5820    0.00000   100%  26.6   10s
2025-10-30 15:25:20,116 - INFO - H90000 67332                    3702673.2275    0.00000   100%  26.6   11s
2025-10-30 15:25:20,296 - INFO - H92552 69104                    3633383.4977    0.00000   100%  26.5   11s
2025-10-30 15:25:20,391 - INFO - H93405 68861                    3605153.0688    0.00000   100%  26.5   11s
2025-10-30 15:25:20,394 - INFO - H93591 68569                    3596328.9914    0.00000   100%  26.5   11s
2025-10-30 15:25:20,602 - INFO - H96567 70138                    3573380.9793    0.00000   100%  26.6   11s
2025-10-30 15:25:21,884 - INFO - H116636 86438                    3572697.3191    0.00000   100%  26.7   12s
2025-10-30 15:25:21,887 - INFO - H116768 86295                    3566175.0113    0.00000   100%  26.7   12s
2025-10-30 15:25:24,020 - INFO -  155228 119613 2426680.66  116  183 3566175.01    0.00000   100%  26.7   15s
2025-10-30 15:25:24,801 - INFO - H175649 134251                    3565491.3511    0.00000   100%  26.6   15s
2025-10-30 15:25:29,065 - INFO -  256078 200252 1959710.43   97  230 3565491.35 36728.1839  99.0%  26.2   20s
2025-10-30 15:25:34,017 - INFO -  393493 309735 179414.099   55  267 3565491.35 41640.3975  98.8%  26.0   25s
2025-10-30 15:25:38,990 - INFO -  532378 420534 2838379.78  135  154 3565491.35 46093.1442  98.7%  25.8   30s
2025-10-30 15:25:43,976 - INFO -  659555 522152 350903.986   48  208 3565491.35 51249.0101  98.6%  25.7   35s
2025-10-30 15:25:49,024 - INFO -  787465 625293 3361877.52  113  138 3565491.35 51683.4739  98.6%  25.7   40s
2025-10-30 15:25:54,021 - INFO -  849161 676023 3109104.73  138  154 3565491.35 52298.2034  98.5%  25.6   45s
2025-10-30 15:25:59,005 - INFO -  948984 754755 190391.140   50  232 3565491.35 54313.1442  98.5%  25.5   50s
2025-10-30 15:26:03,994 - INFO -  1073098 851734 336461.390   65  263 3565491.35 56053.1442  98.4%  25.5   55s
2025-10-30 15:26:08,775 - INFO - H1197265 948540                    3547309.3792 58149.0101  98.4%  25.5   59s
2025-10-30 15:26:08,991 - INFO -  1198689 949659 975311.824   70  214 3547309.38 58149.0101  98.4%  25.5   60s
2025-10-30 15:26:14,022 - INFO -  1325132 1050485 2333500.63  111  193 3547309.38 60549.0101  98.3%  25.5   65s
2025-10-30 15:26:14,515 - INFO - H1336743 1057701                    3541044.4538 60549.0101  98.3%  25.5   65s
2025-10-30 15:26:18,979 - INFO -  1444348 1143996 3442757.26  132  172 3541044.45 63314.1823  98.2%  25.4   70s
2025-10-30 15:26:21,910 - INFO - H1523835 1207635                    3541044.4299 63983.0382  98.2%  25.3   72s
2025-10-30 15:26:22,152 - INFO - H1526755 1211187                    3541043.5871 63983.0382  98.2%  25.3   73s
2025-10-30 15:26:22,314 - INFO - H1528063 1211671                    3541042.7442 63983.0382  98.2%  25.3   73s
2025-10-30 15:26:22,616 - INFO - H1530489 1213283                    3541041.8775 63983.0382  98.2%  25.3   73s
2025-10-30 15:26:22,880 - INFO - H1534019 1216495                    3541040.2396 63983.0382  98.2%  25.3   73s
2025-10-30 15:26:24,024 - INFO - H1549030 1228365                    3537779.5728 64162.8845  98.2%  25.3   75s
2025-10-30 15:26:24,074 - INFO - H1549531 1228279                    3536880.1030 64162.8845  98.2%  25.3   75s
2025-10-30 15:26:24,368 - INFO - H1554341 1227203                    3503781.9246 64162.8845  98.2%  25.3   75s
2025-10-30 15:26:29,039 - INFO -  1597255 1261706 3444980.28  102  176 3503781.92 65793.1911  98.1%  25.3   80s
2025-10-30 15:26:33,445 - INFO - H1704361 1345220                    3500720.2456 66743.0382  98.1%  25.3   84s
2025-10-30 15:26:33,624 - INFO - H1705683 1341466                    3486642.5547 66743.0382  98.1%  25.3   84s
2025-10-30 15:26:33,873 - INFO - H1708254 1341374                    3480936.6428 66743.0382  98.1%  25.3   84s
2025-10-30 15:26:34,061 - INFO -  1710236 1342819 1440946.73   69  256 3480936.64 66743.0382  98.1%  25.3   85s
2025-10-30 15:26:34,219 - INFO - H1710375 1341976                    3478429.9765 66743.0382  98.1%  25.3   85s
2025-10-30 15:26:39,062 - INFO -  1789343 1405883 968945.785   74  315 3478429.98 68133.1911  98.0%  25.2   90s
2025-10-30 15:26:44,038 - INFO -  1903407 1497068 2729654.81  116  152 3478429.98 68835.8613  98.0%  25.3   95s
2025-10-30 15:26:49,003 - INFO -  2029858 1596631 69374.1823   44  291 3478429.98 69374.1823  98.0%  25.3  100s
2025-10-30 15:26:54,027 - INFO -  2157908 1698219 1174856.49   69  356 3478429.98 70214.1823  98.0%  25.3  105s
2025-10-30 15:26:58,982 - INFO -  2271695 1787972     cutoff  117      3478429.98 71175.8613  98.0%  25.3  110s
2025-10-30 15:27:04,033 - INFO -  2328829 1833581 954914.451   83  204 3478429.98 71433.1911  97.9%  25.3  115s
2025-10-30 15:27:09,046 - INFO -  2457943 1936010 1171038.59   87  240 3478429.98 72074.1823  97.9%  25.3  120s
2025-10-30 15:27:13,983 - INFO -  2587329 2037078 168383.278   70  269 3478429.98 72464.8522  97.9%  25.3  125s
2025-10-30 15:27:19,043 - INFO -  2705207 2130781     cutoff  108      3478429.98 72614.1823  97.9%  25.3  130s
2025-10-30 15:27:23,977 - INFO -  2834075 2232481 3463220.69  136  147 3478429.98 72848.5814  97.9%  25.2  135s
2025-10-30 15:27:29,025 - INFO -  2947309 2322345     cutoff  155      3478429.98 73079.8620  97.9%  25.2  140s
2025-10-30 15:27:29,175 - INFO - H2947792 2322184                    3478116.4235 73079.8620  97.9%  25.2  140s
2025-10-30 15:27:34,082 - INFO -  3059234 2411303     cutoff  130      3478116.42 73283.0382  97.9%  25.2  145s
2025-10-30 15:27:34,206 - INFO - H3059237 2407798                    3471351.3199 73283.0382  97.9%  25.2  145s
2025-10-30 15:27:39,050 - INFO -  3100657 2442181 1222622.71   87  202 3471351.32 73283.0382  97.9%  25.2  150s
2025-10-30 15:27:43,996 - INFO -  3222865 2539726 1697900.55  129  174 3471351.32 73814.1823  97.9%  25.3  155s
2025-10-30 15:27:48,984 - INFO -  3323066 2616871 1155051.64   86  380 3471351.32 73935.8613  97.9%  25.3  160s
2025-10-30 15:27:54,001 - INFO -  3445413 2716040 2394623.84  113  156 3471351.32 74133.1911  97.9%  25.3  165s
2025-10-30 15:27:59,039 - INFO -  3583571 2824697 619629.841   81  207 3471351.32 74673.1911  97.8%  25.3  170s
2025-10-30 15:28:04,022 - INFO -  3719993 2932847 977527.366   91  214 3471351.32 75333.1911  97.8%  25.3  175s
2025-10-30 15:28:06,612 - INFO - H3756944 2960962                    3471343.8975 75659.8620  97.8%  25.3  177s
2025-10-30 15:28:07,882 - INFO - H3773518 2976284                    3471342.8371 75714.9163  97.8%  25.3  178s
2025-10-30 15:28:08,997 - INFO -  3787178 2986811 1437984.50   90  269 3471342.84 75714.9163  97.8%  25.3  180s
2025-10-30 15:28:14,033 - INFO -  3849268 3036775 3310952.28  104  134 3471342.84 75944.8522  97.8%  25.3  185s
2025-10-30 15:28:19,002 - INFO -  3985720 3144426 2119908.81   92  183 3471342.84 76473.1911  97.8%  25.3  190s
2025-10-30 15:28:23,974 - INFO -  4117035 3249551 2967180.61  116  142 3471342.84 76748.1517  97.8%  25.3  195s
2025-10-30 15:28:29,005 - INFO -  4242594 3348356     cutoff  145      3471342.84 77225.2450  97.8%  25.3  200s
2025-10-30 15:28:34,001 - INFO -  4381407 3458023 537343.374   82  216 3471342.84 77715.8613  97.8%  25.3  205s
2025-10-30 15:28:38,985 - INFO -  4496718 3548041 245377.066   60  283 3471342.84 78375.8613  97.7%  25.3  210s
2025-10-30 15:28:44,047 - INFO -  4627336 3650783 3370495.95  137   82 3471342.84 78524.8522  97.7%  25.3  215s
2025-10-30 15:28:48,973 - INFO -  4683159 3694145 982542.361   74  224 3471342.84 78524.8522  97.7%  25.3  220s
2025-10-30 15:28:54,084 - INFO -  4800120 3786700 262704.606   73  204 3471342.84 78719.8620  97.7%  25.3  225s
2025-10-30 15:28:58,979 - INFO -  4918488 3883368 1114336.98   59  241 3471342.84 79328.1517  97.7%  25.3  230s
2025-10-30 15:29:03,992 - INFO -  5050415 3989736 667767.734   76  233 3471342.84 79411.6578  97.7%  25.3  235s
2025-10-30 15:29:09,035 - INFO -  5179586 4091495 2302863.08  144  172 3471342.84 79559.8620  97.7%  25.3  240s
2025-10-30 15:29:14,025 - INFO -  5313165 4196117 2225872.48  105  210 3471342.84 80165.7730  97.7%  25.3  245s
2025-10-30 15:29:18,993 - INFO -  5422717 4280808 2403122.45  138  151 3471342.84 81419.8620  97.7%  25.4  250s
2025-10-30 15:29:24,043 - INFO -  5476243 4324432 3057030.69  157  125 3471342.84 81419.8620  97.7%  25.4  255s
2025-10-30 15:29:29,048 - INFO -  5605383 4424922 3160564.31  123  127 3471342.84 81764.8522  97.6%  25.4  260s
2025-10-30 15:29:34,007 - INFO -  5734561 4526332 2478725.86  113  168 3471342.84 82111.6578  97.6%  25.4  265s
2025-10-30 15:29:39,028 - INFO -  5865335 4628662 197596.526   50  257 3471342.84 82964.8522  97.6%  25.3  270s
2025-10-30 15:29:43,989 - INFO -  6000595 4736978 415644.823   67  218 3471342.84 83159.8620  97.6%  25.4  275s
2025-10-30 15:29:49,000 - INFO -  6115526 4828184 546397.042   80  233 3471342.84 83759.8620  97.6%  25.3  280s
2025-10-30 15:29:54,033 - INFO -  6244861 4932367 3152176.25  140  144 3471342.84 83879.3126  97.6%  25.4  285s
2025-10-30 15:29:59,030 - INFO -  6300099 4975843 infeasible  140      3471342.84 83879.3126  97.6%  25.4  290s
2025-10-30 15:30:03,995 - INFO -  6405852 5059499 84299.3126   52  229 3471342.84 84299.3126  97.6%  25.3  295s
2025-10-30 15:30:09,037 - INFO -  6536874 5163669 1864633.14   98  208 3471342.84 84419.3126  97.6%  25.3  300s
2025-10-30 15:30:13,977 - INFO -  6668183 5267371 1079475.54   81  235 3471342.84 84839.3126  97.6%  25.4  305s
2025-10-30 15:30:18,973 - INFO -  6801508 5371203 3406516.56  131  107 3471342.84 85628.1517  97.5%  25.4  310s
2025-10-30 15:30:23,994 - INFO -  6934039 5475422 583849.800   63  279 3471342.84 86639.3126  97.5%  25.4  315s
2025-10-30 15:30:29,011 - INFO -  7043873 5562107 3268393.29  159  137 3471342.84 86639.3126  97.5%  25.4  320s
2025-10-30 15:30:33,993 - INFO -  7103632 5612717 1096538.70   89  220 3471342.84 86828.1517  97.5%  25.3  325s
2025-10-30 15:30:39,027 - INFO -  7233091 5715795 2809857.49   96  191 3471342.84 87106.8751  97.5%  25.4  330s
2025-10-30 15:30:44,025 - INFO -  7369136 5822459 3066038.40  127  188 3471342.84 87977.1940  97.5%  25.4  335s
2025-10-30 15:30:49,067 - INFO -  7469059 5902073 3422717.24  147  100 3471342.84 88654.3976  97.4%  25.3  340s
2025-10-30 15:30:54,028 - INFO -  7604064 6008233 1683873.66  113  221 3471342.84 89511.4914  97.4%  25.3  345s
2025-10-30 15:30:58,975 - INFO -  7737289 6113603 2145860.82  127  184 3471342.84 90005.2806  97.4%  25.3  350s
2025-10-30 15:31:04,031 - INFO -  7873778 6224069 2459142.09  135  175 3471342.84 90005.2806  97.4%  25.3  355s
2025-10-30 15:31:09,077 - INFO -  7932769 6270810 2835292.30  123  140 3471342.84 90005.2806  97.4%  25.3  360s
2025-10-30 15:31:13,987 - INFO -  8055804 6367921 3050930.80  101  148 3471342.84 90005.2806  97.4%  25.3  365s
2025-10-30 15:31:19,034 - INFO -  8164089 6452462 604238.536   70  235 3471342.84 90921.4674  97.4%  25.3  370s
2025-10-30 15:31:23,999 - INFO -  8299701 6560638 2133967.77  111  176 3471342.84 91526.2883  97.4%  25.3  375s
2025-10-30 15:31:29,032 - INFO -  8424494 6658091     cutoff  111      3471342.84 91877.1940  97.4%  25.3  380s
2025-10-30 15:31:34,019 - INFO -  8559652 6762768 2158088.88   95  157 3471342.84 92585.2806  97.3%  25.3  385s
2025-10-30 15:31:39,044 - INFO -  8668294 6850014 208515.719   54  249 3471342.84 92639.3126  97.3%  25.3  390s
2025-10-30 15:31:44,102 - INFO -  8725853 6895791 2637829.79   93  210 3471342.84 92639.3126  97.3%  25.3  395s
2025-10-30 15:31:49,036 - INFO -  8848651 6993059 630345.971   71  231 3471342.84 92639.3126  97.3%  25.3  400s
2025-10-30 15:31:54,030 - INFO -  8984531 7100510 897131.511   95  214 3471342.84 92639.3126  97.3%  25.3  405s
2025-10-30 15:31:58,975 - INFO -  9115593 7205302 1096014.41   96  206 3471342.84 92639.3126  97.3%  25.3  410s
2025-10-30 15:32:04,037 - INFO -  9209907 7279673 524932.110   94  222 3471342.84 93166.8751  97.3%  25.4  415s
2025-10-30 15:32:09,021 - INFO -  9337254 7379412 446280.882   58  239 3471342.84 93309.1244  97.3%  25.4  420s
2025-10-30 15:32:14,017 - INFO -  9476185 7485597 1766946.99   68  266 3471342.84 93866.2883  97.3%  25.3  425s
2025-10-30 15:32:19,281 - INFO -  9533357 7532951 1298033.08  111  166 3471342.84 94122.7410  97.3%  25.3  430s
2025-10-30 15:32:24,017 - INFO -  9657173 7631632 3164884.96  141  140 3471342.84 94199.3126  97.3%  25.3  435s
2025-10-30 15:32:29,025 - INFO -  9793414 7737573 356640.690   61  242 3471342.84 94379.3126  97.3%  25.3  440s
2025-10-30 15:32:34,058 - INFO -  9896998 7819599 100685.281   55  244 3471342.84 94979.3126  97.3%  25.3  445s
2025-10-30 15:32:39,024 - INFO -  10025582 7919776 1408217.12   64  264 3471342.84 95105.2806  97.3%  25.3  450s
2025-10-30 15:32:43,974 - INFO -  10167905 8032387 1694610.58   94  228 3471342.84 95837.1940  97.2%  25.3  455s
2025-10-30 15:32:49,041 - INFO -  10304416 8139486 3012487.52  194   83 3471342.84 96630.1095  97.2%  25.3  460s
2025-10-30 15:32:54,480 - INFO -  10375151 8195990 3208332.85  172  103 3471342.84 96630.1095  97.2%  25.3  465s
2025-10-30 15:32:59,067 - INFO -  10476521 8274168 infeasible  114      3471342.84 96996.6180  97.2%  25.3  470s
2025-10-30 15:33:03,976 - INFO -  10596930 8372751 1669980.80  106  253 3471342.84 97236.6180  97.2%  25.3  475s
2025-10-30 15:33:05,075 - INFO - H10609175 8379784                    3470892.8816 97236.6180  97.2%  25.3  476s
2025-10-30 15:33:09,010 - INFO -  10690524 8445059 3363751.70  159  143 3470892.88 97513.5417  97.2%  25.3  480s
2025-10-30 15:33:14,031 - INFO -  10826267 8553128 195133.524   61  241 3470892.88 97762.1542  97.2%  25.3  485s
2025-10-30 15:33:19,019 - INFO -  10959948 8658045     cutoff  147      3470892.88 98302.1542  97.2%  25.3  490s
2025-10-30 15:33:24,033 - INFO -  11083260 8755386 2573429.13  122  150 3470892.88 98383.5609  97.2%  25.3  495s
2025-10-30 15:33:30,138 - INFO -  11110787 8791308 2157460.63   96  201 3470892.88 98649.7242  97.2%  25.3  501s
2025-10-30 15:33:33,985 - INFO -  11236665 8876137 3112435.07  123  179 3470892.88 99095.2562  97.1%  25.3  505s
2025-10-30 15:33:39,004 - INFO -  11374593 8986097 99545.2806   46  263 3470892.88 99541.6773  97.1%  25.3  510s
2025-10-30 15:33:43,992 - INFO -  11512301 9095276 1902240.94   77  225 3470892.88 99545.2806  97.1%  25.3  515s
2025-10-30 15:33:49,034 - INFO -  11648945 9206112     cutoff  135      3470892.88 99630.1095  97.1%  25.3  520s
2025-10-30 15:33:54,024 - INFO -  11763219 9298255 216399.298   56  253 3470892.88 99630.1095  97.1%  25.3  525s
2025-10-30 15:33:59,035 - INFO -  11877903 9388323 461340.666   67  224 3470892.88 99866.2883  97.1%  25.3  530s
2025-10-30 15:34:04,840 - INFO -  11950502 9444263 609932.139   86  234 3470892.88 100042.366  97.1%  25.3  535s
2025-10-30 15:34:09,012 - INFO -  12062525 9534191 1083221.56  113  203 3470892.88 100162.066  97.1%  25.3  540s
2025-10-30 15:34:14,051 - INFO -  12194014 9635561 2787239.20  126  132 3470892.88 100582.066  97.1%  25.3  545s
2025-10-30 15:34:19,041 - INFO -  12314236 9727564 2442664.17  122  190 3470892.88 100611.348  97.1%  25.3  550s
2025-10-30 15:34:23,989 - INFO -  12427648 9820147 2847660.63  184  153 3470892.88 100685.281  97.1%  25.3  555s
2025-10-30 15:34:29,032 - INFO -  12557493 9920765 3175323.35  104  163 3470892.88 100826.288  97.1%  25.3  560s
2025-10-30 15:34:34,007 - INFO -  12692765 10027102 2444033.18   91  202 3470892.88 101122.066  97.1%  25.3  565s
2025-10-30 15:34:40,027 - INFO -  12778453 10093961 3398785.99   98  166 3470892.88 101331.348  97.1%  25.3  571s
2025-10-30 15:34:43,993 - INFO -  12872673 10167505 2544189.33   95  183 3470892.88 101677.549  97.1%  25.3  575s
2025-10-30 15:34:48,982 - INFO -  12982455 10252721 2018589.07   90  252 3470892.88 102184.990  97.1%  25.2  580s
2025-10-30 15:34:54,017 - INFO -  13103681 10347824 738254.446   57  204 3470892.88 102628.647  97.0%  25.2  585s
2025-10-30 15:34:58,983 - INFO -  13242997 10458729 3264403.26  222   92 3470892.88 102742.366  97.0%  25.2  590s
2025-10-30 15:35:04,035 - INFO -  13383607 10572013 1069988.23   69  255 3470892.88 103029.124  97.0%  25.2  595s
2025-10-30 15:35:09,006 - INFO -  13482885 10651243 2558562.52  100  239 3470892.88 103162.066  97.0%  25.2  600s
2025-10-30 15:35:15,223 - INFO -  13566998 10715312 439836.010   79  298 3470892.88 103282.154  97.0%  25.2  606s
2025-10-30 15:35:19,020 - INFO -  13670284 10796781 1147950.62   81  219 3470892.88 103346.288  97.0%  25.2  610s
2025-10-30 15:35:24,041 - INFO -  13798913 10898428 3199017.54  160  136 3470892.88 103530.109  97.0%  25.2  615s
2025-10-30 15:35:29,055 - INFO -  13938812 11007394 1741604.56   88  170 3470892.88 103868.046  97.0%  25.2  620s
2025-10-30 15:35:34,005 - INFO -  14064475 11108359 2945971.44  171  129 3470892.88 103981.677  97.0%  25.2  625s
2025-10-30 15:35:39,022 - INFO -  14168283 11190305 459316.649   60  241 3470892.88 104131.068  97.0%  25.2  630s
2025-10-30 15:35:44,028 - INFO -  14297372 11293387 3412283.79  137  114 3470892.88 104490.109  97.0%  25.2  635s
2025-10-30 15:35:50,352 - INFO -  14388588 11366289 1875265.19  116  161 3470892.88 104604.045  97.0%  25.2  641s
2025-10-30 15:35:54,034 - INFO -  14489287 11444972     cutoff  135      3470892.88 104867.678  97.0%  25.2  645s
2025-10-30 15:35:59,009 - INFO -  14620028 11547905 949697.742  105  239 3470892.88 105084.926  97.0%  25.2  650s
2025-10-30 15:36:04,077 - INFO -  14754394 11652402 1660158.38  133  172 3470892.88 105331.674  97.0%  25.2  655s
2025-10-30 15:36:09,040 - INFO -  14857787 11735832 3034514.39   87  183 3470892.88 105336.618  97.0%  25.2  660s
2025-10-30 15:36:14,042 - INFO -  14989638 11841292 3111519.06   95  176 3470892.88 105390.109  97.0%  25.2  665s
2025-10-30 15:36:19,179 - INFO -  15092581 11937748 3002588.91   74  194 3470892.88 105407.913  97.0%  25.2  670s
2025-10-30 15:36:25,607 - INFO -  15196131 12006486 2420010.39  105  221 3470892.88 105651.340  97.0%  25.2  676s
2025-10-30 15:36:28,978 - INFO -  15282719 12074037 422086.940   62  267 3470892.88 105744.050  97.0%  25.2  680s
2025-10-30 15:36:33,987 - INFO -  15389771 12157331 2817109.60   92  175 3470892.88 105930.109  96.9%  25.2  685s
2025-10-30 15:36:39,024 - INFO -  15525159 12264744 105941.375   42  262 3470892.88 105941.375  96.9%  25.2  690s
2025-10-30 15:36:44,027 - INFO -  15651145 12365333 178610.800   57  275 3470892.88 105996.618  96.9%  25.2  695s
2025-10-30 15:36:48,997 - INFO -  15791039 12475191 3124642.95  114  172 3470892.88 106102.154  96.9%  25.2  700s
2025-10-30 15:36:54,046 - INFO -  15924370 12579770 2775607.73  170  142 3470892.88 106222.066  96.9%  25.2  705s
2025-10-30 15:37:00,773 - INFO -  15986678 12629017 291878.592   67  234 3470892.88 106291.674  96.9%  25.2  711s
2025-10-30 15:37:04,027 - INFO -  16076551 12698706 3193039.58   92  215 3470892.88 106404.045  96.9%  25.2  715s
2025-10-30 15:37:09,033 - INFO -  16207828 12803123 1855067.20   94  198 3470892.88 106536.618  96.9%  25.2  720s
2025-10-30 15:37:13,972 - INFO -  16344924 12911132 1401204.13  100  222 3470892.88 106644.045  96.9%  25.2  725s
2025-10-30 15:37:19,002 - INFO -  16477529 13015434 406712.420   78  242 3470892.88 106971.348  96.9%  25.2  730s
2025-10-30 15:37:24,013 - INFO -  16611682 13120734 2060352.23   80  204 3470892.88 107062.154  96.9%  25.2  735s
2025-10-30 15:37:28,997 - INFO -  16705205 13193573 3386325.24   80  176 3470892.88 107302.154  96.9%  25.2  740s
2025-10-30 15:37:35,978 - INFO -  16804357 13270403 1744461.74   98  216 3470892.88 107466.922  96.9%  25.2  747s
2025-10-30 15:37:39,053 - INFO -  16886943 13334662 2901033.81   95  180 3470892.88 107621.375  96.9%  25.2  750s
2025-10-30 15:37:43,999 - INFO -  17017218 13435672 689684.327   77  236 3470892.88 107842.154  96.9%  25.2  755s
2025-10-30 15:37:48,974 - INFO -  17148208 13537474 818427.234   58  228 3470892.88 108271.222  96.9%  25.2  760s
2025-10-30 15:37:54,085 - INFO -  17259124 13625179 2187062.70   96  175 3470892.88 108341.375  96.9%  25.2  765s
2025-10-30 15:37:59,026 - INFO -  17382733 13723611 445318.126   67  229 3470892.88 108442.366  96.9%  25.2  770s
2025-10-30 15:38:04,020 - INFO -  17516098 13830253 3252420.58  129  148 3470892.88 108709.986  96.9%  25.2  775s
2025-10-30 15:38:11,141 - INFO -  17624327 13914657 123837.040   64  265 3470892.88 108922.066  96.9%  25.2  782s
2025-10-30 15:38:14,036 - INFO -  17705973 13978663 305760.559   62  244 3470892.88 108922.066  96.9%  25.2  785s
2025-10-30 15:38:19,015 - INFO -  17838008 14084089 162817.946   59  283 3470892.88 108922.066  96.9%  25.2  790s
2025-10-30 15:38:24,028 - INFO -  17934895 14160122 1070480.51  114  268 3470892.88 108922.066  96.9%  25.2  795s
2025-10-30 15:38:29,036 - INFO -  18063919 14260470 infeasible  123      3470892.88 108961.677  96.9%  25.2  800s
2025-10-30 15:38:34,010 - INFO -  18198313 14367412 1822833.32  109  215 3470892.88 109044.045  96.9%  25.2  805s
2025-10-30 15:38:38,977 - INFO -  18331711 14473104 1856288.15   82  197 3470892.88 109172.484  96.9%  25.2  810s
2025-10-30 15:38:46,339 - INFO -  18448632 14563724 340912.627   70  250 3470892.88 109203.100  96.9%  25.2  817s
2025-10-30 15:38:49,018 - INFO -  18521540 14620623 1040434.27   70  184 3470892.88 109287.326  96.9%  25.1  820s
2025-10-30 15:38:50,675 - INFO - H18525426 14622257                    3470892.8363 109287.326  96.9%  25.1  821s
2025-10-30 15:38:54,029 - INFO -  18592682 14676021 1172866.40   83  237 3470892.84 109394.770  96.8%  25.1  825s
2025-10-30 15:38:59,012 - INFO -  18729970 14785221 2084367.62  116  166 3470892.84 109607.213  96.8%  25.1  830s
2025-10-30 15:39:04,025 - INFO -  18837654 14871167 493405.849   89  254 3470892.84 109628.549  96.8%  25.1  835s
2025-10-30 15:39:08,974 - INFO -  18971409 14979657 1328722.05   80  184 3470892.84 109796.615  96.8%  25.1  840s
2025-10-30 15:39:13,973 - INFO -  19103457 15082021     cutoff  124      3470892.84 109832.484  96.8%  25.1  845s
2025-10-30 15:39:21,523 - INFO -  19218903 15174034 3076062.60  117  248 3470892.84 110033.036  96.8%  25.1  852s
2025-10-30 15:39:24,026 - INFO -  19289888 15229680     cutoff  131      3470892.84 110043.100  96.8%  25.1  855s
2025-10-30 15:39:29,035 - INFO -  19408848 15322593 2190398.19   96  216 3470892.84 110147.213  96.8%  25.1  860s
2025-10-30 15:39:34,052 - INFO -  19541623 15428716 1351267.60   83  204 3470892.84 110228.046  96.8%  25.1  865s
2025-10-30 15:39:38,990 - INFO -  19663696 15525551 162147.030   57  243 3470892.84 110358.020  96.8%  25.1  870s
2025-10-30 15:39:44,033 - INFO -  19802941 15632962 2912110.02   99  221 3470892.84 110584.782  96.8%  25.1  875s
2025-10-30 15:39:48,986 - INFO -  19899958 15709209 260008.448   61  240 3470892.84 110662.066  96.8%  25.1  880s
2025-10-30 15:39:56,659 - INFO -  20032689 15814286 2741828.69  128  134 3470892.84 110842.366  96.8%  25.1  887s
2025-10-30 15:39:58,986 - INFO -  20085835 15856345 2926976.70  144  118 3470892.84 110882.507  96.8%  25.1  890s
2025-10-30 15:40:04,006 - INFO -  20223765 15962851 3158138.89  108  138 3470892.84 111222.990  96.8%  25.1  895s
2025-10-30 15:40:09,018 - INFO -  20349448 16063318 2346296.72  109  252 3470892.84 111262.066  96.8%  25.1  900s
2025-10-30 15:40:14,011 - INFO -  20473011 16160707 1497271.38   74  218 3470892.84 111385.965  96.8%  25.1  905s
2025-10-30 15:40:19,038 - INFO -  20571422 16238683 2374976.66  109  195 3470892.84 111478.713  96.8%  25.1  910s
2025-10-30 15:40:24,015 - INFO -  20699425 16340728 1121177.72   80  170 3470892.84 111622.154  96.8%  25.1  915s
2025-10-30 15:40:31,437 - INFO -  20825417 16439400 2629088.06  101  186 3470892.84 111701.375  96.8%  25.1  922s
2025-10-30 15:40:33,977 - INFO -  20892701 16491362     cutoff  126      3470892.84 111862.366  96.8%  25.1  925s
2025-10-30 15:40:39,066 - INFO -  21024816 16595099 2684892.22   97  143 3470892.84 112047.326  96.8%  25.1  930s
2025-10-30 15:40:44,006 - INFO -  21129402 16677018 2636848.31  157  103 3470892.84 112187.213  96.8%  25.1  935s
2025-10-30 15:40:48,997 - INFO -  21263038 16781719 1040187.27   88  254 3470892.84 112241.375  96.8%  25.1  940s
2025-10-30 15:40:53,994 - INFO -  21400783 16891397     cutoff  137      3470892.84 112307.213  96.8%  25.1  945s
2025-10-30 15:40:59,016 - INFO -  21536426 16995428 793141.873   78  255 3470892.84 112508.046  96.8%  25.1  950s
2025-10-30 15:41:06,644 - INFO -  21660083 17092160 1723590.78   80  193 3470892.84 112636.765  96.8%  25.1  957s
2025-10-30 15:41:08,997 - INFO -  21719392 17139366 285924.161   61  234 3470892.84 112726.512  96.8%  25.1  960s
2025-10-30 15:41:14,031 - INFO -  21821810 17218817 3340261.75  125  159 3470892.84 112793.036  96.8%  25.1  965s
2025-10-30 15:41:19,013 - INFO -  21957031 17323098 2531878.28   99  181 3470892.84 113015.657  96.7%  25.1  970s
2025-10-30 15:41:23,989 - INFO -  22089440 17425326 1714832.88  109  201 3470892.84 113228.046  96.7%  25.1  975s
2025-10-30 15:41:29,036 - INFO -  22226213 17532667 276741.816   69  250 3470892.84 113453.036  96.7%  25.1  980s
2025-10-30 15:41:33,995 - INFO -  22325979 17611767 1243929.00   84  176 3470892.84 113627.913  96.7%  25.1  985s
2025-10-30 15:41:41,830 - INFO -  22446462 17704407 2322700.68   94  290 3470892.84 113898.390  96.7%  25.1  992s
2025-10-30 15:41:43,991 - INFO -  22506951 17751192 3189049.25  114  211 3470892.84 113959.018  96.7%  25.1  995s
2025-10-30 15:41:48,977 - INFO -  22634808 17852064 1385733.99  111  215 3470892.84 114091.674  96.7%  25.1 1000s
2025-10-30 15:41:53,997 - INFO -  22768641 17957817 990035.824   86  215 3470892.84 114091.674  96.7%  25.1 1005s
2025-10-30 15:41:59,006 - INFO -  22901521 18062274 2486303.23  119  180 3470892.84 114203.962  96.7%  25.1 1010s
2025-10-30 15:42:03,976 - INFO -  22996736 18136431 3365203.39  109  143 3470892.84 114316.336  96.7%  25.1 1015s
2025-10-30 15:42:09,027 - INFO -  23126854 18240054 2863781.76  111  154 3470892.84 114389.005  96.7%  25.1 1020s
2025-10-30 15:42:13,986 - INFO -  23261538 18346990 190402.427   53  243 3470892.84 114444.045  96.7%  25.1 1025s
2025-10-30 15:42:21,849 - INFO - H23311563 18400813                    3470887.0380 114558.020  96.7%  25.1 1032s
2025-10-30 15:42:23,525 - INFO - H23331814 18402839                    3470883.3518 114564.045  96.7%  25.1 1034s
2025-10-30 15:42:24,030 - INFO -  23346133 18413661 1284486.77   59  217 3470883.35 114631.674  96.7%  25.1 1035s
2025-10-30 15:42:29,037 - INFO -  23488216 18525864 2755643.99   85  120 3470883.35 114631.674  96.7%  25.1 1040s
2025-10-30 15:42:33,996 - INFO -  23596715 18610599 infeasible  152      3470883.35 114720.259  96.7%  25.1 1045s
2025-10-30 15:42:38,979 - INFO -  23721941 18711707 1568178.98  104  242 3470883.35 114862.154  96.7%  25.1 1050s
2025-10-30 15:42:44,039 - INFO -  23858858 18819770 843393.270   87  224 3470883.35 114923.436  96.7%  25.1 1055s
2025-10-30 15:42:48,986 - INFO -  23988263 18922396 701685.320   69  203 3470883.35 114967.497  96.7%  25.1 1060s
2025-10-30 15:42:53,976 - INFO -  24043326 18963620 2024230.12   97  226 3470883.35 114992.055  96.7%  25.1 1065s
2025-10-30 15:42:58,978 - INFO -  24169023 19064914 2710024.49  115  158 3470883.35 115121.375  96.7%  25.1 1070s
2025-10-30 15:43:04,021 - INFO -  24276002 19147556 196703.907   48  266 3470883.35 115284.045  96.7%  25.1 1075s
2025-10-30 15:43:09,026 - INFO -  24411900 19255747 271192.246   41  260 3470883.35 115291.674  96.7%  25.1 1080s
2025-10-30 15:43:14,046 - INFO -  24543951 19361000 115429.592   55  300 3470883.35 115426.512  96.7%  25.1 1085s
2025-10-30 15:43:19,025 - INFO -  24672803 19463688 1644758.83   67  236 3470883.35 115523.192  96.7%  25.1 1090s
2025-10-30 15:43:24,042 - INFO -  24805157 19567710 2163304.49   98  172 3470883.35 115612.386  96.7%  25.1 1095s
2025-10-30 15:43:29,034 - INFO -  24861836 19612127 1077886.18   92  222 3470883.35 115651.674  96.7%  25.1 1100s
2025-10-30 15:43:34,001 - INFO -  24967370 19693605 infeasible  123      3470883.35 115831.674  96.7%  25.1 1105s
2025-10-30 15:43:39,009 - INFO -  25098058 19797932 1279634.16   78  236 3470883.35 115973.479  96.7%  25.1 1110s
2025-10-30 15:43:43,979 - INFO -  25228349 19900953 284490.915   56  230 3470883.35 116093.036  96.7%  25.1 1115s
2025-10-30 15:43:49,025 - INFO -  25364109 20008974 1552614.59   92  251 3470883.35 116176.336  96.7%  25.1 1120s
2025-10-30 15:43:54,042 - INFO -  25467616 20090156 210692.901   70  254 3470883.35 116313.589  96.6%  25.1 1125s
2025-10-30 15:43:59,038 - INFO -  25597540 20192741 2844313.84  141  140 3470883.35 116431.674  96.6%  25.1 1130s
2025-10-30 15:44:04,002 - INFO -  25659224 20238371 1621159.28   82  231 3470883.35 116546.203  96.6%  25.1 1135s
2025-10-30 15:44:09,062 - INFO -  25785134 20338220 434197.673   74  270 3470883.35 116708.979  96.6%  25.1 1140s
2025-10-30 15:44:13,974 - INFO -  25912959 20438939 2312962.75  123  160 3470883.35 116861.883  96.6%  25.1 1145s
2025-10-30 15:44:19,025 - INFO -  26042720 20542255 711050.569   79  220 3470883.35 117039.842  96.6%  25.1 1150s
2025-10-30 15:44:24,008 - INFO -  26153860 20630562 3266715.59  119  131 3470883.35 117144.045  96.6%  25.0 1155s
2025-10-30 15:44:29,042 - INFO -  26284744 20732702 3012199.37  112  208 3470883.35 117307.497  96.6%  25.0 1160s
2025-10-30 15:44:34,004 - INFO -  26418413 20836593 1424664.81   71  199 3470883.35 117476.665  96.6%  25.0 1165s
2025-10-30 15:44:39,023 - INFO -  26483924 20886528 3373921.30  127  121 3470883.35 117526.335  96.6%  25.0 1170s
2025-10-30 15:44:43,994 - INFO -  26608292 20983175 2062602.40  119  173 3470883.35 117627.326  96.6%  25.0 1175s
2025-10-30 15:44:49,019 - INFO -  26717498 21070893 468172.175   68  229 3470883.35 117743.192  96.6%  25.0 1180s
2025-10-30 15:44:54,014 - INFO -  26853828 21177801 2498407.48  161  144 3470883.35 117837.409  96.6%  25.0 1185s
2025-10-30 15:44:59,042 - INFO -  26990405 21284523 905159.731   87  219 3470883.35 117984.552  96.6%  25.0 1190s
2025-10-30 15:45:04,053 - INFO -  27120203 21389220 3103960.57  119  127 3470883.35 118148.046  96.6%  25.0 1195s
2025-10-30 15:45:09,013 - INFO -  27251165 21490563 1168872.97   89  183 3470883.35 118264.990  96.6%  25.0 1200s
2025-10-30 15:45:14,079 - INFO -  27292774 21521387 2906959.82  140  142 3470883.35 118296.182  96.6%  25.0 1205s
2025-10-30 15:45:19,036 - INFO -  27412889 21617207 326061.417   63  241 3470883.35 118388.549  96.6%  25.0 1210s
2025-10-30 15:45:24,006 - INFO -  27545863 21723058 1180942.21   99  232 3470883.35 118437.996  96.6%  25.0 1215s
2025-10-30 15:45:29,035 - INFO -  27684878 21831538 3039899.98  185  109 3470883.35 118493.036  96.6%  25.0 1220s
2025-10-30 15:45:34,029 - INFO -  27818999 21936360     cutoff  105      3470883.35 118633.006  96.6%  25.0 1225s
2025-10-30 15:45:39,145 - INFO -  27947551 22035916 2598311.35  107  214 3470883.35 118707.326  96.6%  25.0 1230s
2025-10-30 15:45:44,028 - INFO -  28054881 22121539 1373374.81   91  202 3470883.35 118776.456  96.6%  25.0 1235s
2025-10-30 15:45:48,985 - INFO -  28106894 22163386 233461.186   53  248 3470883.35 118831.895  96.6%  25.0 1240s
2025-10-30 15:45:53,988 - INFO -  28240935 22267750 1202146.38   70  282 3470883.35 118945.965  96.6%  25.0 1245s
2025-10-30 15:45:58,984 - INFO -  28367849 22366819 infeasible  169      3470883.35 119069.171  96.6%  25.0 1250s
2025-10-30 15:46:04,824 - INFO -  28482997 22471388 179341.470   60  266 3470883.35 119206.218  96.6%  25.0 1255s
2025-10-30 15:46:08,976 - INFO -  28605225 22554061 3145422.59  141  131 3470883.35 119333.036  96.6%  25.0 1260s
2025-10-30 15:46:13,983 - INFO -  28743740 22663805 857411.960   91  227 3470883.35 119367.326  96.6%  25.0 1265s
2025-10-30 15:46:19,042 - INFO -  28848028 22744860 3312290.73  103  178 3470883.35 119396.665  96.6%  25.0 1270s
2025-10-30 15:46:23,985 - INFO -  28903553 22789018 164984.770   58  233 3470883.35 119431.626  96.6%  25.0 1275s
2025-10-30 15:46:29,004 - INFO -  29042899 22897783 913427.034   77  198 3470883.35 119513.036  96.6%  25.0 1280s
2025-10-30 15:46:34,041 - INFO -  29175972 23002660 3357601.98  144  115 3470883.35 119673.593  96.6%  25.0 1285s
2025-10-30 15:46:40,287 - INFO -  29299910 23114718 296947.375   66  258 3470883.35 119827.473  96.5%  25.0 1291s
2025-10-30 15:46:43,996 - INFO -  29409386 23187303 418758.079   62  264 3470883.35 119907.326  96.5%  25.0 1295s
2025-10-30 15:46:48,995 - INFO -  29542030 23292560 2473559.52  109  221 3470883.35 119986.335  96.5%  25.0 1300s
2025-10-30 15:46:53,982 - INFO -  29669861 23393549 1487118.22   99  192 3470883.35 120042.201  96.5%  25.0 1305s
2025-10-30 15:46:59,035 - INFO -  29728995 23440734 1938500.49   95  157 3470883.35 120084.871  96.5%  25.0 1310s
2025-10-30 15:47:04,010 - INFO -  29859282 23545128 236619.038   58  244 3470883.35 120162.201  96.5%  25.0 1315s
2025-10-30 15:47:09,043 - INFO -  29956005 23620156     cutoff  143      3470883.35 120327.326  96.5%  25.0 1320s
2025-10-30 15:47:13,980 - INFO -  30091021 23727142 1165614.81   74  270 3470883.35 120387.326  96.5%  25.0 1325s
2025-10-30 15:47:19,012 - INFO -  30226671 23833106 855990.596   53  234 3470883.35 120519.335  96.5%  25.0 1330s
2025-10-30 15:47:24,029 - INFO -  30362179 23938069 3175473.07  144  154 3470883.35 120621.726  96.5%  25.0 1335s
2025-10-30 15:47:28,984 - INFO -  30481159 24029274 764817.202   89  257 3470883.35 120671.394  96.5%  25.0 1340s
2025-10-30 15:47:33,993 - INFO -  30517038 24059780 482953.611   67  231 3470883.35 120673.465  96.5%  25.0 1345s
2025-10-30 15:47:39,024 - INFO -  30652664 24166725 297678.538   63  248 3470883.35 120762.312  96.5%  25.0 1350s
2025-10-30 15:47:44,049 - INFO -  30783076 24269209 325787.422   58  246 3470883.35 120814.821  96.5%  25.0 1355s
2025-10-30 15:47:48,990 - INFO -  30914071 24371178 2523548.32   99  169 3470883.35 121004.973  96.5%  25.0 1360s
2025-10-30 15:47:54,027 - INFO -  31046261 24474320 921739.420   76  203 3470883.35 121109.512  96.5%  25.0 1365s
2025-10-30 15:47:59,038 - INFO -  31164077 24563410 1482457.18  123  182 3470883.35 121200.259  96.5%  25.0 1370s
2025-10-30 15:48:03,993 - INFO -  31288674 24661862 3320726.12  109  204 3470883.35 121281.726  96.5%  25.0 1375s
2025-10-30 15:48:09,297 - INFO -  31349651 24710497 643047.563   99  241 3470883.35 121338.583  96.5%  25.0 1380s
2025-10-30 15:48:14,040 - INFO -  31476205 24811247 1974498.84  161  162 3470883.35 121447.497  96.5%  25.0 1385s
2025-10-30 15:48:18,978 - INFO -  31608113 24915269 803543.515   73  210 3470883.35 121529.005  96.5%  25.0 1390s
2025-10-30 15:48:23,991 - INFO -  31742643 25019841 1828102.97   81  194 3470883.35 121656.182  96.5%  25.0 1395s
2025-10-30 15:48:29,030 - INFO -  31848346 25102045 2238172.99  134  159 3470883.35 121759.934  96.5%  25.0 1400s
2025-10-30 15:48:34,012 - INFO -  31980378 25205978 3366279.26  116  161 3470883.35 121867.497  96.5%  25.0 1405s
2025-10-30 15:48:38,982 - INFO -  32103721 25302093 260621.609   56  240 3470883.35 121921.242  96.5%  25.0 1410s
2025-10-30 15:48:44,539 - INFO -  32154944 25341812 infeasible  139      3470883.35 122003.192  96.5%  25.0 1415s
2025-10-30 15:48:49,005 - INFO -  32269949 25433405     cutoff  118      3470883.35 122113.006  96.5%  25.0 1420s
2025-10-30 15:48:54,031 - INFO -  32401117 25536462 1945005.85   83  208 3470883.35 122204.973  96.5%  25.0 1425s
2025-10-30 15:48:58,997 - INFO -  32534127 25641743 1848381.92  112  169 3470883.35 122301.296  96.5%  25.0 1430s
2025-10-30 15:49:04,021 - INFO -  32673254 25750600 3120900.05  124  101 3470883.35 122374.821  96.5%  25.0 1435s
2025-10-30 15:49:09,050 - INFO -  32793587 25844579 1460550.79   94  253 3470883.35 122446.335  96.5%  25.0 1440s
2025-10-30 15:49:14,027 - INFO -  32906829 25936654 2363748.02  129  130 3470883.35 122515.321  96.5%  25.0 1445s
2025-10-30 15:49:19,670 - INFO -  32981842 25995118 2956604.40  169  159 3470883.35 122646.047  96.5%  25.0 1450s
2025-10-30 15:49:24,007 - INFO -  33098574 26088075 1372316.70   92  285 3470883.35 122729.005  96.5%  25.0 1455s
2025-10-30 15:49:29,009 - INFO -  33231692 26191878 3358399.34  108  184 3470883.35 122853.243  96.5%  25.0 1460s
2025-10-30 15:49:33,765 - INFO - H33297332 26225817                    3462621.3996 122930.896  96.4%  25.0 1464s
2025-10-30 15:49:34,019 - INFO -  33301502 26228268 1561181.11   86  229 3462621.40 122940.259  96.4%  25.0 1465s
2025-10-30 15:49:36,648 - INFO - H33302727 26231475                    3462604.9873 122940.259  96.4%  25.0 1467s
2025-10-30 15:49:39,765 - INFO - H33321554 26243822                    3462603.7789 122969.005  96.4%  25.0 1470s
2025-10-30 15:49:41,912 - INFO - H33321741 26243822                    3462603.7696 122969.005  96.4%  25.0 1472s
2025-10-30 15:49:44,024 - INFO -  33358053 26274025 2729359.74  111  143 3462603.77 122986.335  96.4%  25.0 1475s
2025-10-30 15:49:48,995 - INFO -  33468470 26360691 1920862.23  118  186 3462603.77 123091.895  96.4%  25.0 1480s
2025-10-30 15:49:54,905 - INFO -  33549620 26422706 3253626.74   96  148 3462603.77 123117.996  96.4%  25.0 1485s
2025-10-30 15:49:58,991 - INFO -  33653496 26504106 541001.844   64  233 3462603.77 123222.201  96.4%  25.0 1490s
2025-10-30 15:50:04,066 - INFO -  33795022 26617275 796694.109   88  231 3462603.77 123269.005  96.4%  25.0 1495s
2025-10-30 15:50:09,083 - INFO -  33922850 26714333     cutoff  138      3462603.77 123323.192  96.4%  25.0 1500s
2025-10-30 15:50:13,995 - INFO -  34025598 26794240 3361175.00  127  146 3462603.77 123433.465  96.4%  25.0 1505s
2025-10-30 15:50:19,000 - INFO -  34158851 26900540 3322999.78  117  151 3462603.77 123488.326  96.4%  25.0 1510s
2025-10-30 15:50:24,020 - INFO -  34298305 27010798 2025786.89  125  221 3462603.77 123642.201  96.4%  24.9 1515s
2025-10-30 15:50:30,052 - INFO -  34381500 27076855 3230433.69  124  157 3462603.77 123683.336  96.4%  24.9 1521s
2025-10-30 15:50:34,010 - INFO -  34487002 27162337 3377591.20  201   93 3462603.77 123689.005  96.4%  24.9 1525s
2025-10-30 15:50:38,984 - INFO -  34601658 27250667 3388752.30  180   42 3462603.77 123706.335  96.4%  24.9 1530s
2025-10-30 15:50:43,994 - INFO -  34711670 27338910 2937740.69   99  172 3462603.77 123757.656  96.4%  24.9 1535s
2025-10-30 15:50:48,981 - INFO -  34845340 27443180 2285269.08   89  198 3462603.77 123828.357  96.4%  24.9 1540s
2025-10-30 15:50:54,037 - INFO -  34975015 27543594     cutoff  157      3462603.77 123929.005  96.4%  24.9 1545s
2025-10-30 15:50:58,994 - INFO -  35113627 27652144 208822.779   51  254 3462603.77 124012.386  96.4%  24.9 1550s
2025-10-30 15:51:05,299 - INFO -  35204202 27722568 1677144.25   87  248 3462603.77 124062.201  96.4%  24.9 1556s
2025-10-30 15:51:09,000 - INFO -  35280985 27781654 1045362.02   90  205 3462603.77 124077.996  96.4%  24.9 1560s
2025-10-30 15:51:14,048 - INFO -  35400162 27876193 384939.340   71  238 3462603.77 124148.326  96.4%  24.9 1565s
2025-10-30 15:51:18,999 - INFO -  35538404 27986736 248440.109   58  278 3462603.77 124223.192  96.4%  24.9 1570s
2025-10-30 15:51:23,997 - INFO -  35662738 28083398 264815.909   60  238 3462603.77 124267.497  96.4%  24.9 1575s
2025-10-30 15:51:29,023 - INFO -  35804333 28194477     cutoff  115      3462603.77 124343.336  96.4%  24.9 1580s
2025-10-30 15:51:34,037 - INFO -  35907105 28274037 1666121.13   72  286 3462603.77 124372.386  96.4%  24.9 1585s
2025-10-30 15:51:40,692 - INFO -  36003622 28348773 3260802.15   81  159 3462603.77 124432.452  96.4%  24.9 1591s
2025-10-30 15:51:43,997 - INFO -  36088348 28413074 763345.661   76  266 3462603.77 124496.775  96.4%  24.9 1595s
2025-10-30 15:51:49,020 - INFO -  36194815 28496811     cutoff  163      3462603.77 124533.044  96.4%  24.9 1600s
2025-10-30 15:51:54,024 - INFO -  36330544 28605085 2899156.99  158  126 3462603.77 124617.996  96.4%  24.9 1605s
2025-10-30 15:51:59,041 - INFO -  36440656 28691210 394508.285   72  234 3462603.77 124683.926  96.4%  24.9 1610s
2025-10-30 15:52:03,994 - INFO -  36570545 28794976 456346.292   65  273 3462603.77 124714.821  96.4%  24.9 1615s
2025-10-30 15:52:09,034 - INFO -  36714200 28905520 2546831.13  117  168 3462603.77 124773.120  96.4%  24.9 1620s
2025-10-30 15:52:15,917 - INFO -  36816917 28987311     cutoff  183      3462603.77 124823.192  96.4%  24.9 1626s
2025-10-30 15:52:18,999 - INFO -  36899999 29052031     cutoff  132      3462603.77 124868.872  96.4%  24.9 1630s
2025-10-30 15:52:24,014 - INFO -  37032578 29155842 2272584.40  113  194 3462603.77 124904.973  96.4%  24.9 1635s
2025-10-30 15:52:29,034 - INFO -  37140883 29241834 2730900.52   89  187 3462603.77 124952.048  96.4%  24.9 1640s
2025-10-30 15:52:34,025 - INFO -  37270190 29343720 317331.874   64  260 3462603.77 124966.512  96.4%  24.9 1645s
2025-10-30 15:52:38,981 - INFO -  37405538 29450051 2214900.64   64  214 3462603.77 125063.192  96.4%  24.9 1650s
2025-10-30 15:52:43,983 - INFO -  37546578 29559962 2158314.88   91  175 3462603.77 125156.665  96.4%  24.9 1655s
2025-10-30 15:52:51,077 - INFO -  37657745 29647400 2718635.45  125  184 3462603.77 125206.335  96.4%  24.9 1662s
2025-10-30 15:52:54,046 - INFO -  37707171 29685036 629646.111   90  230 3462603.77 125259.012  96.4%  24.9 1665s
2025-10-30 15:52:59,004 - INFO -  37840105 29789025 1695364.54  112  206 3462603.77 125421.296  96.4%  24.9 1670s
2025-10-30 15:53:04,020 - INFO -  37972187 29893333 435401.457   57  259 3462603.77 125483.192  96.4%  24.9 1675s
2025-10-30 15:53:09,029 - INFO -  38100984 29997016 2769254.99   77  166 3462603.77 125497.656  96.4%  24.9 1680s
2025-10-30 15:53:13,973 - INFO -  38233400 30100712 infeasible  114      3462603.77 125581.242  96.4%  24.9 1685s
2025-10-30 15:53:18,973 - INFO -  38336472 30183554 937949.300   80  218 3462603.77 125622.201  96.4%  24.9 1690s
2025-10-30 15:53:26,065 - INFO -  38445813 30269966 470889.286   79  256 3462603.77 125724.871  96.4%  24.9 1697s
2025-10-30 15:53:28,994 - INFO -  38527216 30332994 527032.672   71  268 3462603.77 125773.465  96.4%  24.9 1700s
2025-10-30 15:53:34,008 - INFO -  38656840 30435532 1011809.70   72  192 3462603.77 125802.201  96.4%  24.9 1705s
2025-10-30 15:53:38,999 - INFO -  38797031 30545817 3241021.62  113  154 3462603.77 125922.201  96.4%  24.9 1710s
2025-10-30 15:53:44,011 - INFO -  38917075 30637267 414508.228   53  319 3462603.77 126029.005  96.4%  24.9 1715s
2025-10-30 15:53:49,019 - INFO -  39034935 30731107 1345097.16   94  181 3462603.77 126077.592  96.4%  24.9 1720s
2025-10-30 15:53:54,036 - INFO -  39166900 30836066 1383808.16  153  176 3462603.77 126151.895  96.4%  24.9 1725s
2025-10-30 15:54:01,294 - INFO -  39263544 30913409 1051948.76   86  179 3462603.77 126248.987  96.4%  24.9 1732s
2025-10-30 15:54:03,985 - INFO -  39338467 30972082 220755.410   57  237 3462603.77 126286.335  96.4%  24.9 1735s
2025-10-30 15:54:08,997 - INFO -  39477789 31082261 201015.392   62  265 3462603.77 126342.201  96.4%  24.9 1740s
2025-10-30 15:54:14,041 - INFO -  39603766 31178923 135514.716   51  272 3462603.77 126387.326  96.3%  24.9 1745s
2025-10-30 15:54:18,988 - INFO -  39711195 31265189 1813526.19  105  176 3462603.77 126462.201  96.3%  24.9 1750s
2025-10-30 15:54:24,013 - INFO -  39838363 31365053 657595.649   72  223 3462603.77 126522.201  96.3%  24.9 1755s
2025-10-30 15:54:29,032 - INFO -  39976137 31475668 2995401.87   97  122 3462603.77 126608.549  96.3%  24.9 1760s
2025-10-30 15:54:36,355 - INFO -  40099924 31571260 1376298.98  122  202 3462603.77 126737.083  96.3%  24.9 1767s
2025-10-30 15:54:39,050 - INFO -  40152061 31611366 219388.318   57  243 3462603.77 126749.005  96.3%  24.9 1770s
2025-10-30 15:54:44,035 - INFO -  40265963 31703140 2314745.86  112  195 3462603.77 126788.060  96.3%  24.9 1775s
2025-10-30 15:54:49,019 - INFO -  40402189 31809956 1843764.16  110  231 3462603.77 126887.661  96.3%  24.9 1780s
2025-10-30 15:54:54,014 - INFO -  40541872 31919159 343413.258   76  246 3462603.77 126927.326  96.3%  24.9 1785s
2025-10-30 15:54:59,036 - INFO -  40672032 32021881 587792.453   83  237 3462603.77 126971.394  96.3%  24.9 1790s
2025-10-30 15:55:03,978 - INFO -  40805114 32129835 324946.694   47  273 3462603.77 126999.335  96.3%  24.9 1795s
2025-10-30 15:55:11,554 - INFO -  40903290 32208015 1768781.70   87  225 3462603.77 127106.488  96.3%  24.9 1802s
2025-10-30 15:55:14,019 - INFO -  40967881 32258472 1419458.80   78  171 3462603.77 127129.559  96.3%  24.9 1805s
2025-10-30 15:55:19,010 - INFO -  41099117 32360869 1600074.89  101  201 3462603.77 127197.996  96.3%  24.9 1810s
2025-10-30 15:55:23,990 - INFO -  41232412 32466633     cutoff  229      3462603.77 127292.048  96.3%  24.9 1815s
2025-10-30 15:55:29,053 - INFO -  41364210 32567182 2842927.18  149  104 3462603.77 127317.996  96.3%  24.9 1820s
2025-10-30 15:55:33,985 - INFO -  41469995 32649929 1365788.88  114  206 3462603.77 127393.006  96.3%  24.9 1825s
2025-10-30 15:55:39,033 - INFO -  41598913 32752090 2443690.66   91  238 3462603.77 127486.335  96.3%  24.9 1830s
2025-10-30 15:55:46,773 - INFO -  41724827 32851940 328788.578   55  256 3462603.77 127513.006  96.3%  24.9 1837s
2025-10-30 15:55:48,985 - INFO -  41787109 32900799 317199.617   61  254 3462603.77 127542.201  96.3%  24.9 1840s
2025-10-30 15:55:54,055 - INFO -  41919908 33004886 603331.562   65  263 3462603.77 127573.465  96.3%  24.9 1845s
2025-10-30 15:55:59,020 - INFO -  42023167 33087664     cutoff  110      3462603.77 127596.182  96.3%  24.9 1850s
2025-10-30 15:56:03,986 - INFO -  42161958 33196880 1440778.56  122  229 3462603.77 127596.182  96.3%  24.9 1855s
2025-10-30 15:56:09,035 - INFO -  42295275 33301983 619664.499   74  277 3462603.77 127621.088  96.3%  24.9 1860s
2025-10-30 15:56:14,010 - INFO -  42434053 33410733 2955331.81  113  156 3462603.77 127735.842  96.3%  24.9 1865s
2025-10-30 15:56:21,914 - INFO -  42570171 33515631 278583.781   57  254 3462603.77 127771.626  96.3%  24.9 1872s
2025-10-30 15:56:24,099 - INFO -  42593040 33535006 206296.478   56  253 3462603.77 127771.626  96.3%  24.9 1875s
2025-10-30 15:56:29,007 - INFO -  42722558 33637623 207269.855   50  242 3462603.77 127838.502  96.3%  24.9 1880s
2025-10-30 15:56:33,979 - INFO -  42847858 33736680 439096.724   71  234 3462603.77 127921.242  96.3%  24.9 1885s
2025-10-30 15:56:39,018 - INFO -  42985350 33843158 789063.814   64  238 3462603.77 128013.120  96.3%  24.9 1890s
2025-10-30 15:56:43,995 - INFO -  43114108 33943219 3261025.00  103  227 3462603.77 128127.326  96.3%  24.9 1895s
2025-10-30 15:56:49,054 - INFO -  43218234 34026112 1825557.75  138  202 3462603.77 128142.201  96.3%  24.9 1900s
2025-10-30 15:56:54,038 - INFO -  43347859 34130091 3180873.31  129  128 3462603.77 128183.192  96.3%  24.9 1905s
2025-10-30 15:56:58,988 - INFO -  43405125 34174057     cutoff  158      3462603.77 128199.335  96.3%  24.9 1910s
2025-10-30 15:57:03,984 - INFO -  43537471 34277546 3322678.89  100  179 3462603.77 128254.472  96.3%  24.9 1915s
2025-10-30 15:57:09,014 - INFO -  43670643 34381309 128324.802   62  258 3462603.77 128324.802  96.3%  24.9 1920s
2025-10-30 15:57:13,989 - INFO -  43803556 34485239 408838.681   53  228 3462603.77 128431.626  96.3%  24.9 1925s
2025-10-30 15:57:19,013 - INFO -  43911541 34572470 305531.631   61  265 3462603.77 128468.549  96.3%  24.9 1930s
2025-10-30 15:57:23,972 - INFO -  44045769 34677551 301122.259   66  239 3462603.77 128535.697  96.3%  24.9 1935s
2025-10-30 15:57:28,981 - INFO -  44175174 34779137 2600906.62  110  196 3462603.77 128667.326  96.3%  24.9 1940s
2025-10-30 15:57:33,978 - INFO -  44232340 34825389 3367398.40  138  124 3462603.77 128682.201  96.3%  24.9 1945s
2025-10-30 15:57:38,996 - INFO -  44325480 34898369 1088560.75   94  252 3462603.77 128745.769  96.3%  24.9 1950s
2025-10-30 15:57:43,977 - INFO -  44420170 34973270 infeasible  127      3462603.77 128805.470  96.3%  24.9 1955s
2025-10-30 15:57:48,977 - INFO -  44551021 35076120 3352726.39   86  137 3462603.77 128897.660  96.3%  24.8 1960s
2025-10-30 15:57:54,000 - INFO -  44673148 35170143 730493.592   73  243 3462603.77 128964.871  96.3%  24.8 1965s
2025-10-30 15:57:58,998 - INFO -  44799625 35268479 401239.576   60  234 3462603.77 128986.335  96.3%  24.8 1970s
2025-10-30 15:58:04,017 - INFO -  44939140 35377073     cutoff  124      3462603.77 128986.335  96.3%  24.8 1975s
2025-10-30 15:58:09,047 - INFO -  44970407 35402786 1867873.47   89  207 3462603.77 128986.335  96.3%  24.8 1980s
2025-10-30 15:58:14,003 - INFO -  45095077 35501341 613851.318   56  231 3462603.77 129013.465  96.3%  24.8 1985s
2025-10-30 15:58:19,012 - INFO -  45230933 35609052 1159247.78   95  186 3462603.77 129133.006  96.3%  24.8 1990s
2025-10-30 15:58:23,978 - INFO -  45332530 35688870 infeasible  156      3462603.77 129201.979  96.3%  24.8 1995s
2025-10-30 15:58:28,982 - INFO -  45461840 35790068 1412369.46   79  178 3462603.77 129307.497  96.3%  24.8 2000s
2025-10-30 15:58:34,069 - INFO -  45576646 35880236 378483.489   72  248 3462603.77 129379.291  96.3%  24.8 2005s
2025-10-30 15:58:39,011 - INFO -  45718859 35993179 2928963.64  113  194 3462603.77 129399.335  96.3%  24.8 2010s
2025-10-30 15:58:44,029 - INFO -  45779363 36041400 806351.881   77  237 3462603.77 129399.335  96.3%  24.8 2015s
2025-10-30 15:58:49,011 - INFO -  45881706 36123149 867101.451   80  207 3462603.77 129449.512  96.3%  24.8 2020s
2025-10-30 15:58:54,055 - INFO -  46008615 36220758 425526.259   62  241 3462603.77 129537.996  96.3%  24.8 2025s
2025-10-30 15:58:58,990 - INFO -  46140399 36326101 1229947.49  109  207 3462603.77 129553.465  96.3%  24.8 2030s
2025-10-30 15:59:04,010 - INFO -  46271526 36428216 3142237.76   91  184 3462603.77 129658.975  96.3%  24.8 2035s
2025-10-30 15:59:08,986 - INFO -  46403399 36530518 1510468.08   85  185 3462603.77 129773.862  96.3%  24.8 2040s
2025-10-30 15:59:14,048 - INFO -  46511991 36614214 1385110.96   73  211 3462603.77 129836.635  96.3%  24.8 2045s
2025-10-30 15:59:19,014 - INFO -  46570883 36661557 787392.592   72  208 3462603.77 129852.457  96.2%  24.8 2050s
2025-10-30 15:59:24,015 - INFO -  46708777 36769032 3001149.16  131  128 3462603.77 129940.832  96.2%  24.8 2055s
2025-10-30 15:59:29,003 - INFO -  46817025 36855217 457662.190   60  245 3462603.77 129973.006  96.2%  24.8 2060s
2025-10-30 15:59:34,001 - INFO -  46923998 36939616 3415881.19  130  133 3462603.77 129973.465  96.2%  24.8 2065s
2025-10-30 15:59:38,991 - INFO -  47052258 37040083     cutoff   77      3462603.77 130014.065  96.2%  24.8 2070s
2025-10-30 15:59:44,040 - INFO -  47196151 37151319 1556405.14  110  193 3462603.77 130077.996  96.2%  24.8 2075s
2025-10-30 15:59:49,033 - INFO -  47319921 37248044     cutoff  121      3462603.77 130153.465  96.2%  24.8 2080s
2025-10-30 15:59:54,004 - INFO -  47375072 37290329 1692111.71   87  169 3462603.77 130186.335  96.2%  24.8 2085s
2025-10-30 15:59:58,994 - INFO -  47508905 37396262 1151289.07   88  258 3462603.77 130207.497  96.2%  24.8 2090s
2025-10-30 16:00:04,011 - INFO -  47606056 37474392 255037.838   56  251 3462603.77 130208.326  96.2%  24.8 2095s
2025-10-30 16:00:09,015 - INFO -  47737611 37577335 887341.355   54  226 3462603.77 130218.016  96.2%  24.8 2100s
2025-10-30 16:00:13,998 - INFO -  47863658 37676738 362982.807   56  296 3462603.77 130287.644  96.2%  24.8 2105s
2025-10-30 16:00:19,014 - INFO -  47993613 37781082 915788.528   73  220 3462603.77 130313.862  96.2%  24.8 2110s
2025-10-30 16:00:24,039 - INFO -  48121024 37882574 3383502.07  126  148 3462603.77 130388.326  96.2%  24.8 2115s
2025-10-30 16:00:28,984 - INFO -  48172103 37924524 1193870.86   93  188 3462603.77 130388.326  96.2%  24.8 2120s
2025-10-30 16:00:34,027 - INFO -  48281848 38009168 259339.196   42  269 3462603.77 130413.120  96.2%  24.8 2125s
2025-10-30 16:00:45,741 - INFO -  48289908 38029813 350288.795   57  252 3462603.77 130413.120  96.2%  24.8 2135s
2025-10-30 16:00:49,017 - INFO -  48357620 38068569 2759951.90  103  188 3462603.77 130482.201  96.2%  24.8 2140s
2025-10-30 16:00:54,049 - INFO -  48478387 38165773 593648.041   66  263 3462603.77 130539.335  96.2%  24.8 2145s
2025-10-30 16:00:59,002 - INFO -  48600636 38260534 1092468.69   84  185 3462603.77 130577.592  96.2%  24.8 2150s
2025-10-30 16:01:04,017 - INFO -  48650829 38301071 1847044.97  111  212 3462603.77 130592.048  96.2%  24.8 2155s
2025-10-30 16:01:09,024 - INFO -  48759190 38382916 3415233.42  142  116 3462603.77 130613.862  96.2%  24.8 2160s
2025-10-30 16:01:13,994 - INFO -  48862886 38466988 2632164.77  139  184 3462603.77 130641.296  96.2%  24.8 2165s
2025-10-30 16:01:19,015 - INFO -  48986600 38565949     cutoff  116      3462603.77 130681.242  96.2%  24.8 2170s
2025-10-30 16:01:24,007 - INFO -  49100914 38654820 2707896.01   95  152 3462603.77 130733.862  96.2%  24.8 2175s
2025-10-30 16:01:28,990 - INFO -  49230581 38756325 906707.358   74  260 3462603.77 130786.335  96.2%  24.8 2180s
2025-10-30 16:01:34,032 - INFO -  49357947 38857194 1427639.27  101  194 3462603.77 130812.457  96.2%  24.8 2185s
2025-10-30 16:01:38,983 - INFO -  49401745 38893254 843700.435   91  238 3462603.77 130823.056  96.2%  24.8 2190s
2025-10-30 16:01:44,005 - INFO -  49499881 38971684 997879.850   98  222 3462603.77 130883.192  96.2%  24.8 2195s
2025-10-30 16:01:49,019 - INFO -  49623036 39069181 257226.633   44  339 3462603.77 130972.330  96.2%  24.8 2200s
2025-10-30 16:01:54,062 - INFO -  49746123 39165314 395062.866   75  277 3462603.77 131021.336  96.2%  24.8 2205s
2025-10-30 16:01:59,025 - INFO -  49864479 39259373 271229.553   63  241 3462603.77 131061.296  96.2%  24.8 2210s
2025-10-30 16:02:04,006 - INFO -  49977168 39347780 551389.720   67  225 3462603.77 131119.852  96.2%  24.8 2215s
2025-10-30 16:02:09,017 - INFO -  50048391 39402346 1565318.21   75  213 3462603.77 131190.550  96.2%  24.8 2220s
2025-10-30 16:02:14,231 - INFO -  50102997 39445177 411258.910   61  290 3462603.77 131199.335  96.2%  24.8 2225s
2025-10-30 16:02:19,020 - INFO -  50213224 39535620 339578.399   64  234 3462603.77 131221.242  96.2%  24.8 2230s
2025-10-30 16:02:23,989 - INFO -  50344213 39638061 2023655.37  118  152 3462603.77 131221.242  96.2%  24.8 2235s
2025-10-30 16:02:29,039 - INFO -  50464272 39734401 1073947.39   85  260 3462603.77 131243.336  96.2%  24.8 2240s
2025-10-30 16:02:33,973 - INFO -  50565831 39814735 2439081.75  126  152 3462603.77 131250.550  96.2%  24.8 2245s
2025-10-30 16:02:39,033 - INFO -  50687960 39911858 2607885.24  128  175 3462603.77 131353.465  96.2%  24.8 2250s
2025-10-30 16:02:44,006 - INFO -  50778185 39983339 877428.672   80  214 3462603.77 131400.557  96.2%  24.8 2255s
2025-10-30 16:02:49,391 - INFO -  50838519 40032307 468396.707   70  234 3462603.77 131432.048  96.2%  24.8 2260s
2025-10-30 16:02:54,091 - INFO -  50942350 40112308 3200766.72  131  142 3462603.77 131457.057  96.2%  24.8 2265s
2025-10-30 16:02:59,008 - INFO -  51061896 40204041 702625.421   79  205 3462603.77 131558.065  96.2%  24.8 2270s
2025-10-30 16:03:04,042 - INFO -  51184106 40300748 1527981.95   80  228 3462603.77 131626.355  96.2%  24.8 2275s
2025-10-30 16:03:09,048 - INFO -  51302607 40393499 3364023.96  115  141 3462603.77 131657.801  96.2%  24.8 2280s
2025-10-30 16:03:14,028 - INFO -  51386931 40460637 1586605.67   94  235 3462603.77 131724.871  96.2%  24.8 2285s
2025-10-30 16:03:19,039 - INFO -  51506606 40555217 1295451.63   85  199 3462603.77 131760.837  96.2%  24.8 2290s
2025-10-30 16:03:24,523 - INFO -  51557071 40596309 2441795.87  106  274 3462603.77 131767.497  96.2%  24.8 2295s
2025-10-30 16:03:29,059 - INFO -  51667733 40683810     cutoff  114      3462603.77 131806.096  96.2%  24.8 2300s
2025-10-30 16:03:34,048 - INFO -  51769520 40765234 1169267.91   93  195 3462603.77 131867.373  96.2%  24.8 2305s
2025-10-30 16:03:39,211 - INFO -  51881986 40852624 3279108.69  189   98 3462603.77 131940.330  96.2%  24.8 2310s
2025-10-30 16:03:46,870 - INFO -  51882010 40852641 infeasible  189      3462603.77 131940.330  96.2%  24.8 2317s
2025-10-30 16:03:49,036 - INFO -  51909600 40876656 670200.791   65  228 3462603.77 131963.192  96.2%  24.8 2320s
2025-10-30 16:03:54,048 - INFO -  52013902 40957357 1441521.78   75  249 3462603.77 131997.996  96.2%  24.8 2325s
2025-10-30 16:03:59,802 - INFO -  52071963 41003206 3007670.18  123  183 3462603.77 132029.005  96.2%  24.8 2330s
2025-10-30 16:04:03,975 - INFO -  52177510 41088248 3275683.08   93  186 3462603.77 132029.005  96.2%  24.8 2335s
2025-10-30 16:04:09,038 - INFO -  52298054 41184148 infeasible  142      3462603.77 132029.005  96.2%  24.8 2340s
2025-10-30 16:04:13,989 - INFO -  52412725 41275433 3065610.57  164  121 3462603.77 132029.005  96.2%  24.8 2345s
2025-10-30 16:04:18,995 - INFO -  52523186 41362987 1516456.21   98  232 3462603.77 132029.005  96.2%  24.8 2350s
2025-10-30 16:04:24,005 - INFO -  52549854 41384340 589072.647   61  296 3462603.77 132029.005  96.2%  24.8 2355s
2025-10-30 16:04:29,024 - INFO -  52669161 41480314 682479.572   82  234 3462603.77 132029.005  96.2%  24.8 2360s
2025-10-30 16:04:34,904 - INFO -  52738067 41534182 2654413.72  100  189 3462603.77 132055.293  96.2%  24.8 2365s
2025-10-30 16:04:39,029 - INFO -  52825154 41603236 810291.360   67  255 3462603.77 132071.394  96.2%  24.8 2370s
2025-10-30 16:04:45,875 - INFO -  52911449 41671817 3034385.61   98  165 3462603.77 132084.871  96.2%  24.8 2376s
2025-10-30 16:04:49,026 - INFO -  52973231 41720953 2756960.82  113  195 3462603.77 132102.944  96.2%  24.8 2380s
2025-10-30 16:04:54,025 - INFO -  53077909 41802199 2820645.29  118  189 3462603.77 132150.044  96.2%  24.8 2385s
2025-10-30 16:04:59,014 - INFO -  53080378 41802276 1196797.47   63  223 3462603.77 132154.472  96.2%  24.8 2390s
2025-10-30 16:05:03,983 - INFO -  53160929 41867583 2239601.34  126  186 3462603.77 132192.457  96.2%  24.8 2395s
2025-10-30 16:05:10,084 - INFO -  53235628 41928770 2992028.11  191  155 3462603.77 132205.378  96.2%  24.8 2401s
2025-10-30 16:05:14,035 - INFO -  53325775 41998059 3340913.63   97  159 3462603.77 132282.201  96.2%  24.8 2405s
2025-10-30 16:05:19,042 - INFO -  53405869 42060504 491330.898   61  220 3462603.77 132328.436  96.2%  24.8 2410s
2025-10-30 16:05:23,989 - INFO -  53506725 42137930 2053584.33   99  164 3462603.77 132389.586  96.2%  24.8 2415s
2025-10-30 16:05:29,132 - INFO -  53596667 42212030 3270374.44  139  173 3462603.77 132443.336  96.2%  24.8 2420s
2025-10-30 16:05:33,979 - INFO -  53634168 42240549 1460583.09  121  222 3462603.77 132483.926  96.2%  24.8 2425s
2025-10-30 16:05:39,058 - INFO -  53720471 42307847 2424486.03   89  222 3462603.77 132533.862  96.2%  24.8 2430s
2025-10-30 16:05:47,695 - INFO -  53764215 42355876 1425228.61   77  187 3462603.77 132553.465  96.2%  24.8 2438s
2025-10-30 16:05:49,026 - INFO -  53804185 42373323 2658504.65  143  130 3462603.77 132594.065  96.2%  24.8 2440s
2025-10-30 16:05:54,097 - INFO -  53863840 42419323 3064232.90  105  161 3462603.77 132607.497  96.2%  24.8 2445s
2025-10-30 16:05:59,145 - INFO -  53910565 42457079 705444.893   74  203 3462603.77 132607.497  96.2%  24.8 2450s
2025-10-30 16:06:03,982 - INFO -  53997941 42524308 3267366.47  121  118 3462603.77 132611.394  96.2%  24.8 2455s
2025-10-30 16:06:09,036 - INFO -  54088289 42595487 794572.442   92  238 3462603.77 132612.457  96.2%  24.8 2460s
2025-10-30 16:06:14,093 - INFO -  54162779 42655540 3218044.85  128  118 3462603.77 132623.192  96.2%  24.8 2465s
2025-10-30 16:06:19,001 - INFO -  54253197 42724702 683139.721   80  230 3462603.77 132624.871  96.2%  24.8 2470s
2025-10-30 16:06:24,058 - INFO -  54342004 42794038 284278.179   57  236 3462603.77 132673.465  96.2%  24.8 2475s
2025-10-30 16:06:29,880 - INFO -  54409079 42844643 2861296.34  101  192 3462603.77 132689.005  96.2%  24.8 2480s
2025-10-30 16:06:34,091 - INFO -  54455838 42883245 1020563.33   98  216 3462603.77 132689.005  96.2%  24.8 2485s
2025-10-30 16:06:39,078 - INFO -  54544702 42950722 141283.565   52  294 3462603.77 132732.457  96.2%  24.8 2490s
2025-10-30 16:06:44,070 - INFO -  54630364 43017484 3093163.33  178  124 3462603.77 132753.044  96.2%  24.8 2495s
2025-10-30 16:06:48,996 - INFO -  54688870 43065883 infeasible  105      3462603.77 132773.862  96.2%  24.8 2500s
2025-10-30 16:06:54,000 - INFO -  54777926 43136150 1979108.61  112  224 3462603.77 132817.220  96.2%  24.8 2505s
2025-10-30 16:06:59,131 - INFO -  54868475 43209567 3451310.70  104   99 3462603.77 132835.797  96.2%  24.8 2510s
2025-10-30 16:07:04,057 - INFO -  54948187 43269181 216108.805   64  250 3462603.77 132880.653  96.2%  24.8 2515s
2025-10-30 16:07:09,098 - INFO -  54985520 43295980 3330103.47  140  102 3462603.77 132908.326  96.2%  24.8 2520s
2025-10-30 16:07:14,019 - INFO -  55043986 43342989 infeasible  156      3462603.77 132924.871  96.2%  24.8 2525s
2025-10-30 16:07:19,025 - INFO -  55127222 43407008 1311843.41  102  159 3462603.77 132998.746  96.2%  24.8 2530s
2025-10-30 16:07:23,975 - INFO -  55201752 43464709 133013.862   54  243 3462603.77 133013.862  96.2%  24.8 2535s
2025-10-30 16:07:29,041 - INFO -  55294562 43534923 880054.587   82  232 3462603.77 133033.006  96.2%  24.7 2540s
2025-10-30 16:07:33,995 - INFO -  55367689 43592054 1988260.16  118  182 3462603.77 133103.336  96.2%  24.7 2545s
2025-10-30 16:07:38,991 - INFO -  55455791 43660996 133254.571   55  230 3462603.77 133166.686  96.2%  24.7 2550s
2025-10-30 16:07:44,046 - INFO -  55536517 43724041 3093730.27  123  145 3462603.77 133208.872  96.2%  24.7 2555s
2025-10-30 16:07:48,988 - INFO -  55629742 43795964 2149015.92   99  159 3462603.77 133252.386  96.2%  24.7 2560s
2025-10-30 16:07:55,417 - INFO -  55708647 43855046 infeasible  158      3462603.77 133292.048  96.2%  24.7 2566s
